TN:
SF:src/App.tsx
FN:20,(anonymous_0)
FN:21,(anonymous_1)
FN:22,(anonymous_2)
FN:23,(anonymous_3)
FN:24,(anonymous_4)
FN:25,(anonymous_5)
FN:26,(anonymous_6)
FN:27,(anonymous_7)
FN:28,(anonymous_8)
FN:29,(anonymous_9)
FN:30,(anonymous_10)
FN:31,(anonymous_11)
FN:32,(anonymous_12)
FN:33,(anonymous_13)
FN:34,(anonymous_14)
FN:35,(anonymous_15)
FN:36,(anonymous_16)
FN:37,(anonymous_17)
FN:38,(anonymous_18)
FN:43,(anonymous_19)
FN:47,(anonymous_20)
FN:85,(anonymous_21)
FN:103,Router
FN:105,(anonymous_23)
FN:109,(anonymous_24)
FN:228,App
FNF:26
FNH:0
FNDA:0,(anonymous_0)
FNDA:0,(anonymous_1)
FNDA:0,(anonymous_2)
FNDA:0,(anonymous_3)
FNDA:0,(anonymous_4)
FNDA:0,(anonymous_5)
FNDA:0,(anonymous_6)
FNDA:0,(anonymous_7)
FNDA:0,(anonymous_8)
FNDA:0,(anonymous_9)
FNDA:0,(anonymous_10)
FNDA:0,(anonymous_11)
FNDA:0,(anonymous_12)
FNDA:0,(anonymous_13)
FNDA:0,(anonymous_14)
FNDA:0,(anonymous_15)
FNDA:0,(anonymous_16)
FNDA:0,(anonymous_17)
FNDA:0,(anonymous_18)
FNDA:0,(anonymous_19)
FNDA:0,(anonymous_20)
FNDA:0,(anonymous_21)
FNDA:0,Router
FNDA:0,(anonymous_23)
FNDA:0,(anonymous_24)
FNDA:0,App
DA:20,0
DA:21,0
DA:22,0
DA:23,0
DA:24,0
DA:25,0
DA:26,0
DA:27,0
DA:28,0
DA:29,0
DA:30,0
DA:31,0
DA:32,0
DA:33,0
DA:34,0
DA:35,0
DA:36,0
DA:37,0
DA:38,0
DA:43,0
DA:44,0
DA:45,0
DA:47,0
DA:48,0
DA:49,0
DA:53,0
DA:54,0
DA:73,0
DA:74,0
DA:77,0
DA:85,0
DA:86,0
DA:105,0
DA:106,0
DA:107,0
DA:109,0
DA:110,0
DA:111,0
DA:115,0
DA:116,0
DA:119,0
DA:120,0
DA:123,0
DA:132,0
DA:229,0
LF:45
LH:0
BRDA:48,0,0,0
BRDA:48,0,1,0
BRDA:48,1,0,0
BRDA:48,1,1,0
BRDA:53,2,0,0
BRDA:53,2,1,0
BRDA:73,3,0,0
BRDA:73,3,1,0
BRDA:105,4,0,0
BRDA:110,5,0,0
BRDA:110,5,1,0
BRDA:110,6,0,0
BRDA:110,6,1,0
BRDA:110,6,2,0
BRDA:115,7,0,0
BRDA:115,7,1,0
BRDA:119,8,0,0
BRDA:119,8,1,0
BRDA:119,9,0,0
BRDA:119,9,1,0
BRF:20
BRH:0
end_of_record
TN:
SF:src/main.tsx
FN:22,(anonymous_0)
FN:27,(anonymous_1)
FN:31,(anonymous_2)
FN:35,(anonymous_3)
FN:49,(anonymous_4)
FNF:5
FNH:0
FNDA:0,(anonymous_0)
FNDA:0,(anonymous_1)
FNDA:0,(anonymous_2)
FNDA:0,(anonymous_3)
FNDA:0,(anonymous_4)
DA:23,0
DA:24,0
DA:28,0
DA:32,0
DA:36,0
DA:37,0
DA:49,0
DA:57,0
DA:62,0
DA:64,0
DA:65,0
DA:67,0
DA:68,0
LF:13
LH:0
BRDA:36,0,0,0
BRDA:36,0,1,0
BRDA:64,1,0,0
BRDA:64,1,1,0
BRF:4
BRH:0
end_of_record
TN:
SF:src/components/ErrorBoundary.tsx
FN:33,(anonymous_0)
FN:41,(anonymous_1)
FN:49,(anonymous_2)
FN:61,(anonymous_3)
FNF:4
FNH:0
FNDA:0,(anonymous_0)
FNDA:0,(anonymous_1)
FNDA:0,(anonymous_2)
FNDA:0,(anonymous_3)
DA:24,0
DA:34,0
DA:43,0
DA:50,0
DA:52,0
DA:61,0
DA:70,0
LF:7
LH:0
BRDA:50,0,0,0
BRDA:50,0,1,0
BRDA:52,1,0,0
BRDA:52,1,1,0
BRDA:56,2,0,0
BRDA:56,2,1,0
BRF:6
BRH:0
end_of_record
TN:
SF:src/components/InstagramMessagingSettings.tsx
FN:27,InstagramMessagingSettings
FN:40,(anonymous_1)
FN:60,(anonymous_2)
FN:65,(anonymous_3)
FN:67,(anonymous_4)
FN:90,(anonymous_5)
FN:90,(anonymous_6)
FN:103,(anonymous_7)
FN:103,(anonymous_8)
FN:111,(anonymous_9)
FN:111,(anonymous_10)
FN:127,(anonymous_11)
FN:127,(anonymous_12)
FN:140,(anonymous_13)
FN:140,(anonymous_14)
FNF:15
FNH:0
FNDA:0,InstagramMessagingSettings
FNDA:0,(anonymous_1)
FNDA:0,(anonymous_2)
FNDA:0,(anonymous_3)
FNDA:0,(anonymous_4)
FNDA:0,(anonymous_5)
FNDA:0,(anonymous_6)
FNDA:0,(anonymous_7)
FNDA:0,(anonymous_8)
FNDA:0,(anonymous_9)
FNDA:0,(anonymous_10)
FNDA:0,(anonymous_11)
FNDA:0,(anonymous_12)
FNDA:0,(anonymous_13)
FNDA:0,(anonymous_14)
DA:32,0
DA:33,0
DA:34,0
DA:40,0
DA:41,0
DA:42,0
DA:43,0
DA:44,0
DA:49,0
DA:55,0
DA:60,0
DA:61,0
DA:65,0
DA:66,0
DA:67,0
DA:71,0
DA:90,0
DA:103,0
DA:111,0
DA:127,0
DA:140,0
LF:21
LH:0
BRDA:66,0,0,0
BRDA:66,0,1,0
BRDA:126,1,0,0
BRDA:126,1,1,0
BRDA:139,2,0,0
BRDA:139,2,1,0
BRDA:151,3,0,0
BRDA:151,3,1,0
BRDA:151,3,2,0
BRDA:154,4,0,0
BRDA:154,4,1,0
BRF:11
BRH:0
end_of_record
TN:
SF:src/components/MessageTemplateManager.tsx
FN:36,MessageTemplateManager
FN:48,(anonymous_1)
FN:52,(anonymous_2)
FN:68,(anonymous_3)
FN:104,(anonymous_4)
FN:132,(anonymous_5)
FN:149,(anonymous_6)
FN:166,(anonymous_7)
FN:173,(anonymous_8)
FN:196,(anonymous_9)
FN:217,(anonymous_10)
FN:247,(anonymous_11)
FN:272,(anonymous_12)
FNF:13
FNH:0
FNDA:0,MessageTemplateManager
FNDA:0,(anonymous_1)
FNDA:0,(anonymous_2)
FNDA:0,(anonymous_3)
FNDA:0,(anonymous_4)
FNDA:0,(anonymous_5)
FNDA:0,(anonymous_6)
FNDA:0,(anonymous_7)
FNDA:0,(anonymous_8)
FNDA:0,(anonymous_9)
FNDA:0,(anonymous_10)
FNDA:0,(anonymous_11)
FNDA:0,(anonymous_12)
DA:37,0
DA:38,0
DA:39,0
DA:40,0
DA:48,0
DA:49,0
DA:52,0
DA:53,0
DA:54,0
DA:55,0
DA:56,0
DA:58,0
DA:64,0
DA:68,0
DA:69,0
DA:70,0
DA:71,0
DA:72,0
DA:73,0
DA:78,0
DA:79,0
DA:83,0
DA:91,0
DA:92,0
DA:94,0
DA:100,0
DA:104,0
DA:105,0
DA:107,0
DA:108,0
DA:109,0
DA:110,0
DA:114,0
DA:116,0
DA:122,0
DA:126,0
DA:132,0
DA:150,0
DA:166,0
DA:173,0
DA:197,0
DA:198,0
DA:203,0
DA:218,0
DA:219,0
DA:224,0
DA:248,0
DA:249,0
DA:254,0
DA:273,0
DA:274,0
DA:279,0
LF:52
LH:0
BRDA:71,0,0,0
BRDA:71,0,1,0
BRDA:105,1,0,0
BRDA:105,1,1,0
BRDA:155,2,0,0
BRDA:155,2,1,0
BRDA:188,3,0,0
BRDA:188,3,1,0
BRDA:195,4,0,0
BRDA:195,4,1,0
BRDA:197,5,0,0
BRDA:197,5,1,0
BRDA:216,6,0,0
BRDA:216,6,1,0
BRDA:218,7,0,0
BRDA:218,7,1,0
BRDA:246,8,0,0
BRDA:246,8,1,0
BRDA:248,9,0,0
BRDA:248,9,1,0
BRDA:271,10,0,0
BRDA:271,10,1,0
BRDA:273,11,0,0
BRDA:273,11,1,0
BRDA:303,12,0,0
BRDA:303,12,1,0
BRDA:304,13,0,0
BRDA:304,13,1,0
BRF:28
BRH:0
end_of_record
TN:
SF:src/components/agent/AgentBuilder.tsx
FN:22,AgentBuilder
FN:36,(anonymous_1)
FN:40,(anonymous_2)
FN:98,(anonymous_3)
FN:128,(anonymous_4)
FN:134,(anonymous_5)
FN:167,(anonymous_6)
FN:177,(anonymous_7)
FN:206,(anonymous_8)
FN:222,(anonymous_9)
FN:272,(anonymous_10)
FN:389,(anonymous_11)
FNF:12
FNH:0
FNDA:0,AgentBuilder
FNDA:0,(anonymous_1)
FNDA:0,(anonymous_2)
FNDA:0,(anonymous_3)
FNDA:0,(anonymous_4)
FNDA:0,(anonymous_5)
FNDA:0,(anonymous_6)
FNDA:0,(anonymous_7)
FNDA:0,(anonymous_8)
FNDA:0,(anonymous_9)
FNDA:0,(anonymous_10)
FNDA:0,(anonymous_11)
DA:23,0
DA:24,0
DA:25,0
DA:26,0
DA:27,0
DA:30,0
DA:31,0
DA:32,0
DA:33,0
DA:34,0
DA:36,0
DA:37,0
DA:40,0
DA:41,0
DA:54,0
DA:55,0
DA:59,0
DA:95,0
DA:97,0
DA:98,0
DA:129,0
DA:134,0
DA:167,0
DA:177,0
DA:206,0
DA:222,0
DA:272,0
DA:389,0
LF:28
LH:0
BRDA:95,0,0,0
BRDA:95,0,1,0
BRDA:98,1,0,0
BRDA:98,1,1,0
BRDA:132,2,0,0
BRDA:132,2,1,0
BRDA:142,3,0,0
BRDA:142,3,1,0
BRDA:145,4,0,0
BRDA:145,4,1,0
BRDA:397,5,0,0
BRDA:397,5,1,0
BRDA:398,6,0,0
BRDA:398,6,1,0
BRF:14
BRH:0
end_of_record
TN:
SF:src/components/auth/FlowingBackground.tsx
FN:14,(anonymous_0)
FN:20,(anonymous_1)
FN:28,(anonymous_2)
FN:40,initParticles
FN:58,getGradientColor
FN:67,animate
FN:73,(anonymous_6)
FN:127,(anonymous_7)
FNF:8
FNH:0
FNDA:0,(anonymous_0)
FNDA:0,(anonymous_1)
FNDA:0,(anonymous_2)
FNDA:0,initParticles
FNDA:0,getGradientColor
FNDA:0,animate
FNDA:0,(anonymous_6)
FNDA:0,(anonymous_7)
DA:14,0
DA:15,0
DA:16,0
DA:17,0
DA:20,0
DA:21,0
DA:22,0
DA:24,0
DA:25,0
DA:28,0
DA:29,0
DA:30,0
DA:31,0
DA:32,0
DA:36,0
DA:37,0
DA:41,0
DA:42,0
DA:44,0
DA:45,0
DA:60,0
DA:61,0
DA:62,0
DA:63,0
DA:68,0
DA:70,0
DA:73,0
DA:75,0
DA:76,0
DA:79,0
DA:80,0
DA:82,0
DA:83,0
DA:87,0
DA:88,0
DA:89,0
DA:90,0
DA:91,0
DA:95,0
DA:96,0
DA:97,0
DA:99,0
DA:100,0
DA:101,0
DA:102,0
DA:104,0
DA:105,0
DA:106,0
DA:109,0
DA:110,0
DA:111,0
DA:112,0
DA:113,0
DA:114,0
DA:115,0
DA:120,0
DA:123,0
DA:124,0
DA:127,0
DA:128,0
DA:129,0
DA:130,0
DA:135,0
LF:63
LH:0
BRDA:22,0,0,0
BRDA:22,0,1,0
BRDA:25,1,0,0
BRDA:25,1,1,0
BRDA:29,2,0,0
BRDA:29,2,1,0
BRDA:68,3,0,0
BRDA:68,3,1,0
BRDA:68,4,0,0
BRDA:68,4,1,0
BRDA:79,5,0,0
BRDA:79,5,1,0
BRDA:79,6,0,0
BRDA:79,6,1,0
BRDA:82,7,0,0
BRDA:82,7,1,0
BRDA:82,8,0,0
BRDA:82,8,1,0
BRDA:109,9,0,0
BRDA:109,9,1,0
BRDA:129,10,0,0
BRDA:129,10,1,0
BRF:22
BRH:0
end_of_record
TN:
SF:src/components/auth/LoginPage.tsx
FN:13,(anonymous_0)
FN:26,(anonymous_1)
FN:32,(anonymous_2)
FN:34,(anonymous_3)
FN:40,(anonymous_4)
FN:99,(anonymous_5)
FN:153,(anonymous_6)
FN:174,(anonymous_7)
FNF:8
FNH:0
FNDA:0,(anonymous_0)
FNDA:0,(anonymous_1)
FNDA:0,(anonymous_2)
FNDA:0,(anonymous_3)
FNDA:0,(anonymous_4)
FNDA:0,(anonymous_5)
FNDA:0,(anonymous_6)
FNDA:0,(anonymous_7)
DA:13,0
DA:14,0
DA:15,0
DA:16,0
DA:17,0
DA:18,0
DA:26,0
DA:27,0
DA:28,0
DA:32,0
DA:33,0
DA:34,0
DA:40,0
DA:41,0
DA:42,0
DA:44,0
DA:45,0
DA:57,0
DA:58,0
DA:61,0
DA:62,0
DA:63,0
DA:64,0
DA:65,0
DA:68,0
DA:69,0
DA:71,0
DA:73,0
DA:74,0
DA:76,0
DA:80,0
DA:82,0
DA:83,0
DA:90,0
DA:91,0
DA:99,0
DA:100,0
DA:103,0
DA:104,0
DA:109,0
DA:112,0
DA:113,0
DA:124,0
DA:126,0
DA:128,0
DA:130,0
DA:136,0
DA:138,0
DA:145,0
DA:153,0
DA:154,0
DA:155,0
DA:160,0
DA:161,0
DA:164,0
DA:166,0
DA:174,0
DA:175,0
DA:176,0
DA:177,0
DA:186,0
DA:188,0
DA:189,0
DA:190,0
DA:194,0
DA:196,0
DA:203,0
DA:211,0
LF:68
LH:0
BRDA:27,0,0,0
BRDA:27,0,1,0
BRDA:62,1,0,0
BRDA:62,1,1,0
BRDA:62,2,0,0
BRDA:62,2,1,0
BRDA:71,3,0,0
BRDA:71,3,1,0
BRDA:71,4,0,0
BRDA:71,4,1,0
BRDA:85,5,0,0
BRDA:85,5,1,0
BRDA:103,6,0,0
BRDA:103,6,1,0
BRDA:126,7,0,0
BRDA:126,7,1,0
BRDA:140,8,0,0
BRDA:140,8,1,0
BRDA:160,9,0,0
BRDA:160,9,1,0
BRDA:188,10,0,0
BRDA:188,10,1,0
BRDA:198,11,0,0
BRDA:198,11,1,0
BRF:24
BRH:0
end_of_record
TN:
SF:src/components/auth/OAuthCallback.tsx
FN:6,(anonymous_0)
FN:11,(anonymous_1)
FN:12,(anonymous_2)
FN:21,(anonymous_3)
FN:27,(anonymous_4)
FNF:5
FNH:0
FNDA:0,(anonymous_0)
FNDA:0,(anonymous_1)
FNDA:0,(anonymous_2)
FNDA:0,(anonymous_3)
FNDA:0,(anonymous_4)
DA:6,0
DA:7,0
DA:8,0
DA:9,0
DA:11,0
DA:12,0
DA:13,0
DA:15,0
DA:17,0
DA:18,0
DA:19,0
DA:21,0
DA:24,0
DA:25,0
DA:27,0
DA:31,0
DA:34,0
LF:17
LH:0
BRDA:15,0,0,0
BRDA:15,0,1,0
BRDA:15,1,0,0
BRDA:15,1,1,0
BRDA:18,2,0,0
BRDA:18,2,1,0
BRDA:18,3,0,0
BRDA:18,3,1,0
BRDA:37,4,0,0
BRDA:37,4,1,0
BRF:10
BRH:0
end_of_record
TN:
SF:src/components/auth/TestAuthentication.tsx
FNF:0
FNH:0
LF:0
LH:0
BRF:0
BRH:0
end_of_record
TN:
SF:src/components/dashboard/AiAssistPanel.tsx
FN:15,AiAssistPanel
FN:21,(anonymous_1)
FN:34,(anonymous_2)
FN:99,(anonymous_3)
FN:116,(anonymous_4)
FN:122,(anonymous_5)
FNF:6
FNH:0
FNDA:0,AiAssistPanel
FNDA:0,(anonymous_1)
FNDA:0,(anonymous_2)
FNDA:0,(anonymous_3)
FNDA:0,(anonymous_4)
FNDA:0,(anonymous_5)
DA:16,0
DA:17,0
DA:18,0
DA:19,0
DA:21,0
DA:22,0
DA:23,0
DA:28,0
DA:31,0
DA:34,0
DA:35,0
DA:36,0
DA:37,0
DA:44,0
DA:65,0
DA:67,0
DA:99,0
DA:117,0
DA:123,0
DA:124,0
LF:20
LH:0
BRDA:22,0,0,0
BRDA:22,0,1,0
BRDA:65,1,0,0
BRDA:65,1,1,0
BRDA:107,2,0,0
BRDA:107,2,1,0
BRDA:108,3,0,0
BRDA:108,3,1,0
BRDA:120,4,0,0
BRDA:120,4,1,0
BRF:10
BRH:0
end_of_record
TN:
SF:src/components/dialogs/ContactFormDialog.tsx
FN:19,ContactFormDialog
FNF:1
FNH:0
FNDA:0,ContactFormDialog
DA:23,0
DA:25,0
LF:2
LH:0
BRDA:28,0,0,0
BRDA:28,0,1,0
BRF:2
BRH:0
end_of_record
TN:
SF:src/components/dialogs/DemoRequestDialog.tsx
FN:19,DemoRequestDialog
FNF:1
FNH:0
FNDA:0,DemoRequestDialog
DA:23,0
DA:25,0
LF:2
LH:0
BRDA:28,0,0,0
BRDA:28,0,1,0
BRF:2
BRH:0
end_of_record
TN:
SF:src/components/dialogs/TemplateRequestDialog.tsx
FN:19,TemplateRequestDialog
FNF:1
FNH:0
FNDA:0,TemplateRequestDialog
DA:23,0
DA:25,0
LF:2
LH:0
BRDA:28,0,0,0
BRDA:28,0,1,0
BRF:2
BRH:0
end_of_record
TN:
SF:src/components/forms/ContactForm.tsx
FN:15,ContactForm
FN:30,(anonymous_1)
FN:42,(anonymous_2)
FN:66,(anonymous_3)
FN:100,(anonymous_4)
FN:114,(anonymous_5)
FN:128,(anonymous_6)
FN:142,(anonymous_7)
FNF:8
FNH:0
FNDA:0,ContactForm
FNDA:0,(anonymous_1)
FNDA:0,(anonymous_2)
FNDA:0,(anonymous_3)
FNDA:0,(anonymous_4)
FNDA:0,(anonymous_5)
FNDA:0,(anonymous_6)
FNDA:0,(anonymous_7)
DA:16,0
DA:17,0
DA:18,0
DA:20,0
DA:30,0
DA:31,0
DA:33,0
DA:35,0
DA:36,0
DA:42,0
DA:44,0
DA:47,0
DA:48,0
DA:50,0
DA:55,0
DA:56,0
DA:62,0
DA:66,0
DA:67,0
DA:68,0
DA:71,0
DA:101,0
DA:115,0
DA:129,0
DA:143,0
LF:25
LH:0
BRDA:35,0,0,0
BRDA:35,0,1,0
BRDA:81,1,0,0
BRDA:81,1,1,0
BRDA:162,2,0,0
BRDA:162,2,1,0
BRF:6
BRH:0
end_of_record
TN:
SF:src/components/forms/DemoRequestForm.tsx
FN:57,DemoRequestForm
FN:78,(anonymous_1)
FN:90,(anonymous_2)
FN:114,(anonymous_3)
FN:149,(anonymous_4)
FN:163,(anonymous_5)
FN:183,(anonymous_6)
FN:197,(anonymous_7)
FN:213,(anonymous_8)
FN:231,(anonymous_9)
FN:244,(anonymous_10)
FN:258,(anonymous_11)
FN:267,(anonymous_12)
FN:272,(anonymous_13)
FN:281,(anonymous_14)
FN:285,(anonymous_15)
FN:309,(anonymous_16)
FN:332,(anonymous_17)
FN:333,(anonymous_18)
FN:354,(anonymous_19)
FN:372,(anonymous_20)
FN:389,(anonymous_21)
FNF:22
FNH:0
FNDA:0,DemoRequestForm
FNDA:0,(anonymous_1)
FNDA:0,(anonymous_2)
FNDA:0,(anonymous_3)
FNDA:0,(anonymous_4)
FNDA:0,(anonymous_5)
FNDA:0,(anonymous_6)
FNDA:0,(anonymous_7)
FNDA:0,(anonymous_8)
FNDA:0,(anonymous_9)
FNDA:0,(anonymous_10)
FNDA:0,(anonymous_11)
FNDA:0,(anonymous_12)
FNDA:0,(anonymous_13)
FNDA:0,(anonymous_14)
FNDA:0,(anonymous_15)
FNDA:0,(anonymous_16)
FNDA:0,(anonymous_17)
FNDA:0,(anonymous_18)
FNDA:0,(anonymous_19)
FNDA:0,(anonymous_20)
FNDA:0,(anonymous_21)
DA:26,0
DA:36,0
DA:47,0
DA:58,0
DA:59,0
DA:60,0
DA:62,0
DA:78,0
DA:79,0
DA:81,0
DA:83,0
DA:84,0
DA:90,0
DA:92,0
DA:95,0
DA:96,0
DA:98,0
DA:103,0
DA:104,0
DA:110,0
DA:114,0
DA:115,0
DA:116,0
DA:120,0
DA:121,0
DA:122,0
DA:124,0
DA:150,0
DA:164,0
DA:184,0
DA:198,0
DA:214,0
DA:232,0
DA:245,0
DA:259,0
DA:268,0
DA:273,0
DA:282,0
DA:285,0
DA:287,0
DA:310,0
DA:332,0
DA:334,0
DA:355,0
DA:373,0
DA:390,0
LF:46
LH:0
BRDA:83,0,0,0
BRDA:83,0,1,0
BRDA:126,1,0,0
BRDA:126,1,1,0
BRDA:282,2,0,0
BRDA:282,2,1,0
BRDA:319,3,0,0
BRDA:319,3,1,0
BRDA:331,4,0,0
BRDA:331,4,1,0
BRDA:332,5,0,0
BRDA:332,5,1,0
BRDA:334,6,0,0
BRDA:334,6,1,0
BRDA:334,6,2,0
BRDA:334,6,3,0
BRDA:366,7,0,0
BRDA:366,7,1,0
BRDA:412,8,0,0
BRDA:412,8,1,0
BRF:20
BRH:0
end_of_record
TN:
SF:src/components/forms/TemplateRequestForm.tsx
FN:21,TemplateRequestForm
FN:37,(anonymous_1)
FN:49,(anonymous_2)
FN:73,(anonymous_3)
FN:110,(anonymous_4)
FN:124,(anonymous_5)
FN:142,(anonymous_6)
FN:155,(anonymous_7)
FN:168,(anonymous_8)
FN:186,(anonymous_9)
FNF:10
FNH:0
FNDA:0,TemplateRequestForm
FNDA:0,(anonymous_1)
FNDA:0,(anonymous_2)
FNDA:0,(anonymous_3)
FNDA:0,(anonymous_4)
FNDA:0,(anonymous_5)
FNDA:0,(anonymous_6)
FNDA:0,(anonymous_7)
FNDA:0,(anonymous_8)
FNDA:0,(anonymous_9)
DA:22,0
DA:23,0
DA:24,0
DA:26,0
DA:37,0
DA:38,0
DA:40,0
DA:42,0
DA:43,0
DA:49,0
DA:51,0
DA:54,0
DA:55,0
DA:57,0
DA:62,0
DA:63,0
DA:69,0
DA:73,0
DA:74,0
DA:75,0
DA:78,0
DA:89,0
DA:111,0
DA:125,0
DA:143,0
DA:156,0
DA:169,0
DA:187,0
LF:28
LH:0
BRDA:42,0,0,0
BRDA:42,0,1,0
BRDA:91,1,0,0
BRDA:91,1,1,0
BRDA:206,2,0,0
BRDA:206,2,1,0
BRF:6
BRH:0
end_of_record
TN:
SF:src/components/integration/ConnectionManager.tsx
FN:66,ConnectionManager
FN:84,(anonymous_1)
FN:144,(anonymous_2)
FN:152,(anonymous_3)
FN:169,(anonymous_4)
FN:180,(anonymous_5)
FN:184,(anonymous_6)
FN:195,(anonymous_7)
FN:206,(anonymous_8)
FN:210,(anonymous_9)
FN:224,(anonymous_10)
FN:234,(anonymous_11)
FN:241,(anonymous_12)
FN:251,(anonymous_13)
FN:257,(anonymous_14)
FN:258,(anonymous_15)
FN:265,(anonymous_16)
FN:276,(anonymous_17)
FN:286,(anonymous_18)
FN:293,(anonymous_19)
FN:328,(anonymous_20)
FN:335,(anonymous_21)
FN:338,(anonymous_22)
FN:402,(anonymous_23)
FN:406,(anonymous_24)
FN:439,(anonymous_25)
FN:457,(anonymous_26)
FN:465,(anonymous_27)
FN:494,(anonymous_28)
FN:510,(anonymous_29)
FN:532,(anonymous_30)
FN:540,(anonymous_31)
FN:576,(anonymous_32)
FN:586,(anonymous_33)
FN:596,(anonymous_34)
FN:609,(anonymous_35)
FN:622,(anonymous_36)
FN:633,(anonymous_37)
FN:643,(anonymous_38)
FN:657,(anonymous_39)
FN:663,(anonymous_40)
FN:671,(anonymous_41)
FN:676,(anonymous_42)
FNF:43
FNH:0
FNDA:0,ConnectionManager
FNDA:0,(anonymous_1)
FNDA:0,(anonymous_2)
FNDA:0,(anonymous_3)
FNDA:0,(anonymous_4)
FNDA:0,(anonymous_5)
FNDA:0,(anonymous_6)
FNDA:0,(anonymous_7)
FNDA:0,(anonymous_8)
FNDA:0,(anonymous_9)
FNDA:0,(anonymous_10)
FNDA:0,(anonymous_11)
FNDA:0,(anonymous_12)
FNDA:0,(anonymous_13)
FNDA:0,(anonymous_14)
FNDA:0,(anonymous_15)
FNDA:0,(anonymous_16)
FNDA:0,(anonymous_17)
FNDA:0,(anonymous_18)
FNDA:0,(anonymous_19)
FNDA:0,(anonymous_20)
FNDA:0,(anonymous_21)
FNDA:0,(anonymous_22)
FNDA:0,(anonymous_23)
FNDA:0,(anonymous_24)
FNDA:0,(anonymous_25)
FNDA:0,(anonymous_26)
FNDA:0,(anonymous_27)
FNDA:0,(anonymous_28)
FNDA:0,(anonymous_29)
FNDA:0,(anonymous_30)
FNDA:0,(anonymous_31)
FNDA:0,(anonymous_32)
FNDA:0,(anonymous_33)
FNDA:0,(anonymous_34)
FNDA:0,(anonymous_35)
FNDA:0,(anonymous_36)
FNDA:0,(anonymous_37)
FNDA:0,(anonymous_38)
FNDA:0,(anonymous_39)
FNDA:0,(anonymous_40)
FNDA:0,(anonymous_41)
FNDA:0,(anonymous_42)
DA:73,0
DA:74,0
DA:75,0
DA:76,0
DA:77,0
DA:78,0
DA:79,0
DA:82,0
DA:85,0
DA:87,0
DA:134,0
DA:136,0
DA:137,0
DA:143,0
DA:145,0
DA:150,0
DA:153,0
DA:155,0
DA:157,0
DA:169,0
DA:171,0
DA:172,0
DA:179,0
DA:182,0
DA:185,0
DA:186,0
DA:190,0
DA:191,0
DA:192,0
DA:193,0
DA:196,0
DA:205,0
DA:208,0
DA:211,0
DA:212,0
DA:217,0
DA:225,0
DA:234,0
DA:235,0
DA:236,0
DA:239,0
DA:240,0
DA:241,0
DA:242,0
DA:244,0
DA:246,0
DA:251,0
DA:252,0
DA:253,0
DA:257,0
DA:258,0
DA:265,0
DA:266,0
DA:268,0
DA:276,0
DA:277,0
DA:279,0
DA:286,0
DA:287,0
DA:288,0
DA:289,0
DA:293,0
DA:294,0
DA:296,0
DA:299,0
DA:301,0
DA:303,0
DA:305,0
DA:307,0
DA:309,0
DA:311,0
DA:313,0
DA:315,0
DA:317,0
DA:319,0
DA:321,0
DA:323,0
DA:328,0
DA:329,0
DA:330,0
DA:335,0
DA:336,0
DA:337,0
DA:338,0
DA:339,0
DA:341,0
DA:345,0
DA:346,0
DA:363,0
DA:364,0
DA:381,0
DA:403,0
DA:406,0
DA:440,0
DA:441,0
DA:458,0
DA:465,0
DA:494,0
DA:510,0
DA:534,0
DA:540,0
DA:541,0
DA:544,0
DA:576,0
DA:586,0
DA:596,0
DA:609,0
DA:622,0
DA:633,0
DA:643,0
DA:657,0
DA:665,0
DA:666,0
DA:669,0
DA:671,0
DA:676,0
LF:116
LH:0
BRDA:68,0,0,0
BRDA:71,1,0,0
BRDA:143,2,0,0
BRDA:143,2,1,0
BRDA:153,3,0,0
BRDA:153,3,1,0
BRDA:193,4,0,0
BRDA:193,4,1,0
BRDA:198,5,0,0
BRDA:198,5,1,0
BRDA:211,6,0,0
BRDA:211,6,1,0
BRDA:227,7,0,0
BRDA:227,7,1,0
BRDA:239,8,0,0
BRDA:239,8,1,0
BRDA:242,9,0,0
BRDA:242,9,1,0
BRDA:253,10,0,0
BRDA:253,10,1,0
BRDA:266,11,0,0
BRDA:266,11,1,0
BRDA:277,12,0,0
BRDA:277,12,1,0
BRDA:296,13,0,0
BRDA:296,13,1,0
BRDA:296,13,2,0
BRDA:296,13,3,0
BRDA:296,13,4,0
BRDA:296,13,5,0
BRDA:296,13,6,0
BRDA:296,13,7,0
BRDA:296,13,8,0
BRDA:296,13,9,0
BRDA:296,13,10,0
BRDA:296,13,11,0
BRDA:296,13,12,0
BRDA:296,13,13,0
BRDA:329,14,0,0
BRDA:329,14,1,0
BRDA:329,15,0,0
BRDA:329,15,1,0
BRDA:329,15,2,0
BRDA:336,16,0,0
BRDA:336,16,1,0
BRDA:336,17,0,0
BRDA:336,17,1,0
BRDA:339,18,0,0
BRDA:339,18,1,0
BRDA:345,19,0,0
BRDA:345,19,1,0
BRDA:363,20,0,0
BRDA:363,20,1,0
BRDA:363,21,0,0
BRDA:363,21,1,0
BRDA:371,22,0,0
BRDA:371,22,1,0
BRDA:385,23,0,0
BRDA:385,23,1,0
BRDA:393,24,0,0
BRDA:393,24,1,0
BRDA:400,25,0,0
BRDA:400,25,1,0
BRDA:417,26,0,0
BRDA:417,26,1,0
BRDA:426,27,0,0
BRDA:426,27,1,0
BRDA:429,28,0,0
BRDA:429,28,1,0
BRDA:433,29,0,0
BRDA:433,29,1,0
BRDA:450,30,0,0
BRDA:450,30,1,0
BRDA:455,31,0,0
BRDA:455,31,1,0
BRDA:455,32,0,0
BRDA:455,32,1,0
BRDA:461,33,0,0
BRDA:461,33,1,0
BRDA:470,34,0,0
BRDA:470,34,1,0
BRDA:477,35,0,0
BRDA:477,35,1,0
BRDA:483,36,0,0
BRDA:483,36,1,0
BRDA:484,37,0,0
BRDA:484,37,1,0
BRDA:493,38,0,0
BRDA:493,38,1,0
BRDA:501,39,0,0
BRDA:501,39,1,0
BRDA:520,40,0,0
BRDA:520,40,1,0
BRDA:541,41,0,0
BRDA:541,41,1,0
BRDA:545,42,0,0
BRDA:545,42,1,0
BRDA:568,43,0,0
BRDA:568,43,1,0
BRDA:575,44,0,0
BRDA:575,44,1,0
BRDA:585,45,0,0
BRDA:585,45,1,0
BRDA:595,46,0,0
BRDA:595,46,1,0
BRDA:602,47,0,0
BRDA:602,47,1,0
BRDA:608,48,0,0
BRDA:608,48,1,0
BRDA:614,49,0,0
BRDA:614,49,1,0
BRDA:621,50,0,0
BRDA:621,50,1,0
BRDA:632,51,0,0
BRDA:632,51,1,0
BRDA:642,52,0,0
BRDA:642,52,1,0
BRDA:650,53,0,0
BRDA:650,53,1,0
BRDA:656,54,0,0
BRDA:656,54,1,0
BRDA:665,55,0,0
BRDA:665,55,1,0
BRDA:675,56,0,0
BRDA:675,56,1,0
BRDA:688,57,0,0
BRDA:688,57,1,0
BRDA:690,58,0,0
BRDA:690,58,1,0
BRDA:703,59,0,0
BRDA:703,59,1,0
BRDA:705,60,0,0
BRDA:705,60,1,0
BRDA:725,61,0,0
BRDA:725,61,1,0
BRDA:731,62,0,0
BRDA:731,62,1,0
BRDA:744,63,0,0
BRDA:744,63,1,0
BRDA:759,64,0,0
BRDA:759,64,1,0
BRDA:771,65,0,0
BRDA:771,65,1,0
BRDA:782,66,0,0
BRDA:782,66,1,0
BRF:145
BRH:0
end_of_record
TN:
SF:src/components/integration/GoogleSheetsConnector.tsx
FN:58,GoogleSheetsConnector
FN:90,(anonymous_1)
FN:124,(anonymous_2)
FN:161,(anonymous_3)
FN:177,(anonymous_4)
FN:181,(anonymous_5)
FN:182,(anonymous_6)
FN:215,(anonymous_7)
FN:225,(anonymous_8)
FN:226,(anonymous_9)
FN:239,(anonymous_10)
FN:249,(anonymous_11)
FN:251,(anonymous_12)
FN:259,(anonymous_13)
FN:260,(anonymous_14)
FN:269,(anonymous_15)
FN:284,(anonymous_16)
FN:285,(anonymous_17)
FN:293,(anonymous_18)
FN:294,(anonymous_19)
FN:302,(anonymous_20)
FN:303,(anonymous_21)
FN:310,(anonymous_22)
FN:311,(anonymous_23)
FN:318,(anonymous_24)
FN:319,(anonymous_25)
FN:326,(anonymous_26)
FN:327,(anonymous_27)
FN:334,(anonymous_28)
FN:341,(anonymous_29)
FN:348,(anonymous_30)
FN:452,(anonymous_31)
FN:456,(anonymous_32)
FN:481,(anonymous_33)
FN:499,(anonymous_34)
FN:535,(anonymous_35)
FN:568,(anonymous_36)
FN:572,(anonymous_37)
FN:597,(anonymous_38)
FN:614,(anonymous_39)
FN:614,(anonymous_40)
FN:618,(anonymous_41)
FN:635,(anonymous_42)
FN:664,(anonymous_43)
FN:680,(anonymous_44)
FN:696,(anonymous_45)
FN:712,(anonymous_46)
FN:749,(anonymous_47)
FN:754,(anonymous_48)
FN:831,(anonymous_49)
FN:855,(anonymous_50)
FNF:51
FNH:0
FNDA:0,GoogleSheetsConnector
FNDA:0,(anonymous_1)
FNDA:0,(anonymous_2)
FNDA:0,(anonymous_3)
FNDA:0,(anonymous_4)
FNDA:0,(anonymous_5)
FNDA:0,(anonymous_6)
FNDA:0,(anonymous_7)
FNDA:0,(anonymous_8)
FNDA:0,(anonymous_9)
FNDA:0,(anonymous_10)
FNDA:0,(anonymous_11)
FNDA:0,(anonymous_12)
FNDA:0,(anonymous_13)
FNDA:0,(anonymous_14)
FNDA:0,(anonymous_15)
FNDA:0,(anonymous_16)
FNDA:0,(anonymous_17)
FNDA:0,(anonymous_18)
FNDA:0,(anonymous_19)
FNDA:0,(anonymous_20)
FNDA:0,(anonymous_21)
FNDA:0,(anonymous_22)
FNDA:0,(anonymous_23)
FNDA:0,(anonymous_24)
FNDA:0,(anonymous_25)
FNDA:0,(anonymous_26)
FNDA:0,(anonymous_27)
FNDA:0,(anonymous_28)
FNDA:0,(anonymous_29)
FNDA:0,(anonymous_30)
FNDA:0,(anonymous_31)
FNDA:0,(anonymous_32)
FNDA:0,(anonymous_33)
FNDA:0,(anonymous_34)
FNDA:0,(anonymous_35)
FNDA:0,(anonymous_36)
FNDA:0,(anonymous_37)
FNDA:0,(anonymous_38)
FNDA:0,(anonymous_39)
FNDA:0,(anonymous_40)
FNDA:0,(anonymous_41)
FNDA:0,(anonymous_42)
FNDA:0,(anonymous_43)
FNDA:0,(anonymous_44)
FNDA:0,(anonymous_45)
FNDA:0,(anonymous_46)
FNDA:0,(anonymous_47)
FNDA:0,(anonymous_48)
FNDA:0,(anonymous_49)
FNDA:0,(anonymous_50)
DA:65,0
DA:66,0
DA:67,0
DA:68,0
DA:80,0
DA:81,0
DA:84,0
DA:85,0
DA:88,0
DA:91,0
DA:94,0
DA:115,0
DA:116,0
DA:122,0
DA:125,0
DA:128,0
DA:152,0
DA:153,0
DA:159,0
DA:162,0
DA:167,0
DA:169,0
DA:170,0
DA:171,0
DA:172,0
DA:173,0
DA:174,0
DA:177,0
DA:181,0
DA:182,0
DA:183,0
DA:184,0
DA:185,0
DA:186,0
DA:187,0
DA:188,0
DA:189,0
DA:190,0
DA:191,0
DA:192,0
DA:193,0
DA:195,0
DA:197,0
DA:201,0
DA:206,0
DA:207,0
DA:214,0
DA:218,0
DA:226,0
DA:232,0
DA:237,0
DA:240,0
DA:249,0
DA:250,0
DA:251,0
DA:255,0
DA:259,0
DA:260,0
DA:265,0
DA:269,0
DA:270,0
DA:271,0
DA:276,0
DA:279,0
DA:280,0
DA:284,0
DA:285,0
DA:289,0
DA:293,0
DA:294,0
DA:298,0
DA:302,0
DA:303,0
DA:310,0
DA:311,0
DA:318,0
DA:319,0
DA:326,0
DA:327,0
DA:334,0
DA:335,0
DA:336,0
DA:341,0
DA:342,0
DA:343,0
DA:348,0
DA:350,0
DA:355,0
DA:356,0
DA:361,0
DA:362,0
DA:401,0
DA:453,0
DA:456,0
DA:481,0
DA:499,0
DA:535,0
DA:569,0
DA:572,0
DA:597,0
DA:614,0
DA:618,0
DA:635,0
DA:664,0
DA:680,0
DA:696,0
DA:712,0
DA:749,0
DA:754,0
DA:832,0
DA:855,0
LF:111
LH:0
BRDA:59,0,0,0
BRDA:60,1,0,0
BRDA:61,2,0,0
BRDA:63,3,0,0
BRDA:156,4,0,0
BRDA:156,4,1,0
BRDA:169,5,0,0
BRDA:169,5,1,0
BRDA:171,6,0,0
BRDA:171,6,1,0
BRDA:173,7,0,0
BRDA:173,7,1,0
BRDA:183,8,0,0
BRDA:183,8,1,0
BRDA:185,9,0,0
BRDA:185,9,1,0
BRDA:185,10,0,0
BRDA:185,10,1,0
BRDA:187,11,0,0
BRDA:187,11,1,0
BRDA:189,12,0,0
BRDA:189,12,1,0
BRDA:191,13,0,0
BRDA:191,13,1,0
BRDA:210,14,0,0
BRDA:210,14,1,0
BRDA:210,14,2,0
BRDA:242,15,0,0
BRDA:242,15,1,0
BRDA:270,16,0,0
BRDA:270,16,1,0
BRDA:335,17,0,0
BRDA:335,17,1,0
BRDA:342,18,0,0
BRDA:342,18,1,0
BRDA:350,19,0,0
BRDA:350,19,1,0
BRDA:350,19,2,0
BRDA:350,19,3,0
BRDA:355,20,0,0
BRDA:355,20,1,0
BRDA:355,21,0,0
BRDA:355,21,1,0
BRDA:361,22,0,0
BRDA:361,22,1,0
BRDA:374,23,0,0
BRDA:374,23,1,0
BRDA:374,23,2,0
BRDA:378,24,0,0
BRDA:378,24,1,0
BRDA:383,25,0,0
BRDA:383,25,1,0
BRDA:384,26,0,0
BRDA:384,26,1,0
BRDA:385,27,0,0
BRDA:385,27,1,0
BRDA:389,28,0,0
BRDA:389,28,1,0
BRDA:404,29,0,0
BRDA:404,29,1,0
BRDA:428,30,0,0
BRDA:428,30,1,0
BRDA:445,31,0,0
BRDA:445,31,1,0
BRDA:450,32,0,0
BRDA:450,32,1,0
BRDA:450,33,0,0
BRDA:450,33,1,0
BRDA:506,34,0,0
BRDA:506,34,1,0
BRDA:544,35,0,0
BRDA:544,35,1,0
BRDA:550,36,0,0
BRDA:550,36,1,0
BRDA:561,37,0,0
BRDA:561,37,1,0
BRDA:566,38,0,0
BRDA:566,38,1,0
BRDA:566,39,0,0
BRDA:566,39,1,0
BRDA:644,40,0,0
BRDA:644,40,1,0
BRDA:663,41,0,0
BRDA:663,41,1,0
BRDA:679,42,0,0
BRDA:679,42,1,0
BRDA:695,43,0,0
BRDA:695,43,1,0
BRDA:711,44,0,0
BRDA:711,44,1,0
BRDA:744,45,0,0
BRDA:744,45,1,0
BRDA:748,46,0,0
BRDA:748,46,1,0
BRDA:753,47,0,0
BRDA:753,47,1,0
BRDA:754,48,0,0
BRDA:754,48,1,0
BRDA:773,49,0,0
BRDA:773,49,1,0
BRDA:816,50,0,0
BRDA:816,50,1,0
BRDA:821,51,0,0
BRDA:821,51,1,0
BRDA:821,52,0,0
BRDA:821,52,1,0
BRDA:836,53,0,0
BRDA:836,53,1,0
BRF:108
BRH:0
end_of_record
TN:
SF:src/components/integration/IntegrationGuideContent.tsx
FN:17,(anonymous_0)
FN:106,(anonymous_1)
FN:223,(anonymous_2)
FN:254,(anonymous_3)
FN:370,(anonymous_4)
FNF:5
FNH:0
FNDA:0,(anonymous_0)
FNDA:0,(anonymous_1)
FNDA:0,(anonymous_2)
FNDA:0,(anonymous_3)
FNDA:0,(anonymous_4)
DA:17,0
DA:18,0
DA:20,0
DA:41,0
DA:62,0
DA:83,0
DA:106,0
DA:111,0
DA:113,0
DA:224,0
DA:255,0
DA:371,0
LF:12
LH:0
BRDA:18,0,0,0
BRDA:18,0,1,0
BRDA:18,0,2,0
BRDA:18,0,3,0
BRF:4
BRH:0
end_of_record
TN:
SF:src/components/integration/IntegrationGuideModal.tsx
FN:22,(anonymous_0)
FNF:1
FNH:0
FNDA:0,(anonymous_0)
DA:22,0
DA:29,0
LF:2
LH:0
BRF:0
BRH:0
end_of_record
TN:
SF:src/components/integration/IntegrationGuidePrompt.tsx
FN:14,(anonymous_0)
FNF:1
FNH:0
FNDA:0,(anonymous_0)
DA:14,0
DA:20,0
LF:2
LH:0
BRF:0
BRH:0
end_of_record
TN:
SF:src/components/messaging/ChatInterface.tsx
FN:21,(anonymous_0)
FN:30,(anonymous_1)
FN:39,(anonymous_2)
FN:45,(anonymous_3)
FN:52,(anonymous_4)
FN:55,(anonymous_5)
FN:69,(anonymous_6)
FN:99,(anonymous_7)
FN:103,(anonymous_8)
FN:112,(anonymous_9)
FN:116,(anonymous_10)
FN:130,(anonymous_11)
FNF:12
FNH:0
FNDA:0,(anonymous_0)
FNDA:0,(anonymous_1)
FNDA:0,(anonymous_2)
FNDA:0,(anonymous_3)
FNDA:0,(anonymous_4)
FNDA:0,(anonymous_5)
FNDA:0,(anonymous_6)
FNDA:0,(anonymous_7)
FNDA:0,(anonymous_8)
FNDA:0,(anonymous_9)
FNDA:0,(anonymous_10)
FNDA:0,(anonymous_11)
DA:21,0
DA:26,0
DA:27,0
DA:30,0
DA:31,0
DA:32,0
DA:39,0
DA:40,0
DA:41,0
DA:42,0
DA:45,0
DA:46,0
DA:47,0
DA:48,0
DA:52,0
DA:54,0
DA:55,0
DA:56,0
DA:57,0
DA:60,0
DA:63,0
DA:70,0
DA:100,0
DA:101,0
DA:102,0
DA:103,0
DA:104,0
DA:105,0
DA:107,0
DA:113,0
DA:114,0
DA:115,0
DA:116,0
DA:117,0
DA:118,0
DA:120,0
DA:130,0
LF:37
LH:0
BRDA:31,0,0,0
BRDA:31,0,1,0
BRDA:40,1,0,0
BRDA:40,1,1,0
BRDA:46,2,0,0
BRDA:46,2,1,0
BRDA:46,3,0,0
BRDA:46,3,1,0
BRDA:56,4,0,0
BRDA:56,4,1,0
BRDA:79,5,0,0
BRDA:79,5,1,0
BRDA:105,6,0,0
BRDA:105,6,1,0
BRDA:118,7,0,0
BRDA:118,7,1,0
BRDA:136,8,0,0
BRDA:136,8,1,0
BRF:18
BRH:0
end_of_record
TN:
SF:src/components/messaging/MessageBubble.tsx
FN:12,(anonymous_0)
FN:21,(anonymous_1)
FN:43,(anonymous_2)
FN:85,(anonymous_3)
FN:91,(anonymous_4)
FN:97,(anonymous_5)
FN:103,(anonymous_6)
FNF:7
FNH:0
FNDA:0,(anonymous_0)
FNDA:0,(anonymous_1)
FNDA:0,(anonymous_2)
FNDA:0,(anonymous_3)
FNDA:0,(anonymous_4)
FNDA:0,(anonymous_5)
FNDA:0,(anonymous_6)
DA:12,0
DA:19,0
DA:21,0
DA:22,0
DA:24,0
DA:26,0
DA:28,0
DA:30,0
DA:39,0
DA:43,0
DA:44,0
DA:46,0
DA:54,0
DA:57,0
DA:85,0
DA:86,0
DA:91,0
DA:92,0
DA:97,0
DA:98,0
DA:103,0
DA:104,0
LF:22
LH:0
BRDA:22,0,0,0
BRDA:22,0,1,0
BRDA:22,0,2,0
BRDA:22,0,3,0
BRDA:22,0,4,0
BRDA:44,1,0,0
BRDA:44,1,1,0
BRDA:54,2,0,0
BRDA:54,2,1,0
BRDA:61,3,0,0
BRDA:61,3,1,0
BRDA:67,4,0,0
BRDA:67,4,1,0
BRF:13
BRH:0
end_of_record
TN:
SF:src/components/messaging/TemplateFormDialog.tsx
FN:37,(anonymous_0)
FN:56,(anonymous_1)
FN:62,(anonymous_2)
FN:91,(anonymous_3)
FN:110,(anonymous_4)
FNF:5
FNH:0
FNDA:0,(anonymous_0)
FNDA:0,(anonymous_1)
FNDA:0,(anonymous_2)
FNDA:0,(anonymous_3)
FNDA:0,(anonymous_4)
DA:19,0
DA:37,0
DA:49,0
DA:56,0
DA:57,0
DA:58,0
DA:62,0
DA:63,0
DA:64,0
DA:67,0
DA:91,0
DA:110,0
LF:12
LH:0
BRDA:51,0,0,0
BRDA:51,0,1,0
BRDA:57,1,0,0
BRDA:57,1,1,0
BRDA:57,2,0,0
BRDA:57,2,1,0
BRDA:92,3,0,0
BRDA:92,3,1,0
BRDA:143,4,0,0
BRDA:143,4,1,0
BRF:10
BRH:0
end_of_record
TN:
SF:src/components/settings/EmailSettings.tsx
FN:22,EmailSettings
FN:69,(anonymous_1)
FN:82,(anonymous_2)
FN:86,(anonymous_3)
FN:103,(anonymous_4)
FN:114,(anonymous_5)
FN:118,(anonymous_6)
FN:132,(anonymous_7)
FN:141,(anonymous_8)
FN:153,(anonymous_9)
FN:158,(anonymous_10)
FN:218,(anonymous_11)
FN:258,(anonymous_12)
FN:290,(anonymous_13)
FN:313,(anonymous_14)
FN:335,(anonymous_15)
FN:358,(anonymous_16)
FN:374,(anonymous_17)
FN:397,(anonymous_18)
FN:419,(anonymous_19)
FN:432,(anonymous_20)
FN:444,(anonymous_21)
FN:466,(anonymous_22)
FN:489,(anonymous_23)
FN:505,(anonymous_24)
FN:528,(anonymous_25)
FN:561,(anonymous_26)
FN:586,(anonymous_27)
FNF:28
FNH:0
FNDA:0,EmailSettings
FNDA:0,(anonymous_1)
FNDA:0,(anonymous_2)
FNDA:0,(anonymous_3)
FNDA:0,(anonymous_4)
FNDA:0,(anonymous_5)
FNDA:0,(anonymous_6)
FNDA:0,(anonymous_7)
FNDA:0,(anonymous_8)
FNDA:0,(anonymous_9)
FNDA:0,(anonymous_10)
FNDA:0,(anonymous_11)
FNDA:0,(anonymous_12)
FNDA:0,(anonymous_13)
FNDA:0,(anonymous_14)
FNDA:0,(anonymous_15)
FNDA:0,(anonymous_16)
FNDA:0,(anonymous_17)
FNDA:0,(anonymous_18)
FNDA:0,(anonymous_19)
FNDA:0,(anonymous_20)
FNDA:0,(anonymous_21)
FNDA:0,(anonymous_22)
FNDA:0,(anonymous_23)
FNDA:0,(anonymous_24)
FNDA:0,(anonymous_25)
FNDA:0,(anonymous_26)
FNDA:0,(anonymous_27)
DA:23,0
DA:24,0
DA:25,0
DA:28,0
DA:58,0
DA:64,0
DA:69,0
DA:70,0
DA:71,0
DA:81,0
DA:83,0
DA:84,0
DA:87,0
DA:93,0
DA:94,0
DA:101,0
DA:104,0
DA:113,0
DA:115,0
DA:116,0
DA:119,0
DA:120,0
DA:125,0
DA:133,0
DA:141,0
DA:142,0
DA:143,0
DA:144,0
DA:146,0
DA:153,0
DA:154,0
DA:158,0
DA:159,0
DA:162,0
DA:163,0
DA:166,0
DA:167,0
DA:172,0
DA:173,0
DA:178,0
DA:179,0
DA:187,0
DA:188,0
DA:202,0
DA:203,0
DA:218,0
DA:226,0
DA:228,0
DA:259,0
DA:291,0
DA:314,0
DA:336,0
DA:358,0
DA:375,0
DA:398,0
DA:420,0
DA:432,0
DA:445,0
DA:467,0
DA:489,0
DA:506,0
DA:529,0
DA:562,0
DA:586,0
LF:64
LH:0
BRDA:70,0,0,0
BRDA:70,0,1,0
BRDA:73,1,0,0
BRDA:73,1,1,0
BRDA:74,2,0,0
BRDA:74,2,1,0
BRDA:93,3,0,0
BRDA:93,3,1,0
BRDA:119,4,0,0
BRDA:119,4,1,0
BRDA:127,5,0,0
BRDA:127,5,1,0
BRDA:143,6,0,0
BRDA:143,6,1,0
BRDA:162,7,0,0
BRDA:162,7,1,0
BRDA:166,8,0,0
BRDA:166,8,1,0
BRDA:172,9,0,0
BRDA:172,9,1,0
BRDA:178,10,0,0
BRDA:178,10,1,0
BRDA:187,11,0,0
BRDA:187,11,1,0
BRDA:202,12,0,0
BRDA:202,12,1,0
BRDA:226,13,0,0
BRDA:226,13,1,0
BRDA:242,14,0,0
BRDA:242,14,1,0
BRDA:302,15,0,0
BRDA:302,15,1,0
BRDA:309,16,0,0
BRDA:309,16,1,0
BRDA:325,17,0,0
BRDA:325,17,1,0
BRDA:325,17,2,0
BRDA:347,18,0,0
BRDA:347,18,1,0
BRDA:347,18,2,0
BRDA:359,19,0,0
BRDA:359,19,1,0
BRDA:361,20,0,0
BRDA:361,20,1,0
BRDA:361,20,2,0
BRDA:386,21,0,0
BRDA:386,21,1,0
BRDA:393,22,0,0
BRDA:393,22,1,0
BRDA:409,23,0,0
BRDA:409,23,1,0
BRDA:409,23,2,0
BRDA:432,24,0,0
BRDA:432,24,1,0
BRDA:433,25,0,0
BRDA:433,25,1,0
BRDA:433,25,2,0
BRDA:433,25,3,0
BRDA:456,26,0,0
BRDA:456,26,1,0
BRDA:456,26,2,0
BRDA:478,27,0,0
BRDA:478,27,1,0
BRDA:478,27,2,0
BRDA:490,28,0,0
BRDA:490,28,1,0
BRDA:492,29,0,0
BRDA:492,29,1,0
BRDA:492,29,2,0
BRDA:517,30,0,0
BRDA:517,30,1,0
BRDA:524,31,0,0
BRDA:524,31,1,0
BRDA:537,32,0,0
BRDA:537,32,1,0
BRDA:537,32,2,0
BRDA:574,33,0,0
BRDA:574,33,1,0
BRDA:574,33,2,0
BRDA:574,33,3,0
BRDA:587,34,0,0
BRDA:587,34,1,0
BRDA:589,35,0,0
BRDA:589,35,1,0
BRDA:589,35,2,0
BRDA:604,36,0,0
BRDA:604,36,1,0
BRDA:606,37,0,0
BRDA:606,37,1,0
BRDA:616,38,0,0
BRDA:616,38,1,0
BRDA:619,39,0,0
BRDA:619,39,1,0
BRF:93
BRH:0
end_of_record
TN:
SF:src/components/subscription/TransactionHistory.tsx
FN:26,TransactionHistory
FN:29,(anonymous_1)
FN:75,(anonymous_2)
FN:84,(anonymous_3)
FN:93,(anonymous_4)
FN:112,(anonymous_5)
FN:134,(anonymous_6)
FN:155,(anonymous_7)
FNF:8
FNH:0
FNDA:0,TransactionHistory
FNDA:0,(anonymous_1)
FNDA:0,(anonymous_2)
FNDA:0,(anonymous_3)
FNDA:0,(anonymous_4)
FNDA:0,(anonymous_5)
FNDA:0,(anonymous_6)
FNDA:0,(anonymous_7)
DA:27,0
DA:30,0
DA:34,0
DA:35,0
DA:42,0
DA:43,0
DA:55,0
DA:56,0
DA:75,0
DA:76,0
DA:84,0
DA:85,0
DA:93,0
DA:94,0
DA:97,0
DA:99,0
DA:102,0
DA:105,0
DA:107,0
DA:112,0
DA:113,0
DA:115,0
DA:117,0
DA:119,0
DA:121,0
DA:123,0
DA:125,0
DA:128,0
DA:129,0
DA:134,0
DA:135,0
DA:137,0
DA:139,0
DA:141,0
DA:145,0
DA:156,0
LF:36
LH:0
BRDA:34,0,0,0
BRDA:34,0,1,0
BRDA:42,1,0,0
BRDA:42,1,1,0
BRDA:55,2,0,0
BRDA:55,2,1,0
BRDA:55,3,0,0
BRDA:55,3,1,0
BRDA:79,4,0,0
BRDA:79,4,1,0
BRDA:94,5,0,0
BRDA:94,5,1,0
BRDA:94,5,2,0
BRDA:94,5,3,0
BRDA:94,5,4,0
BRDA:94,5,5,0
BRDA:94,5,6,0
BRDA:113,6,0,0
BRDA:113,6,1,0
BRDA:113,6,2,0
BRDA:113,6,3,0
BRDA:113,6,4,0
BRDA:113,6,5,0
BRDA:113,6,6,0
BRDA:135,7,0,0
BRDA:135,7,1,0
BRDA:135,7,2,0
BRDA:168,8,0,0
BRDA:168,8,1,0
BRDA:176,9,0,0
BRDA:176,9,1,0
BRDA:176,9,2,0
BRDA:183,10,0,0
BRDA:183,10,1,0
BRF:34
BRH:0
end_of_record
TN:
SF:src/components/subscription/UsageMetrics.tsx
FN:25,UsageMetrics
FN:28,(anonymous_1)
FN:66,(anonymous_2)
FN:72,(anonymous_3)
FN:81,(anonymous_4)
FN:174,UsageCard
FNF:6
FNH:0
FNDA:0,UsageMetrics
FNDA:0,(anonymous_1)
FNDA:0,(anonymous_2)
FNDA:0,(anonymous_3)
FNDA:0,(anonymous_4)
FNDA:0,UsageCard
DA:26,0
DA:29,0
DA:33,0
DA:34,0
DA:41,0
DA:42,0
DA:54,0
DA:55,0
DA:66,0
DA:67,0
DA:68,0
DA:72,0
DA:73,0
DA:74,0
DA:75,0
DA:76,0
DA:77,0
DA:81,0
DA:82,0
DA:83,0
DA:86,0
DA:183,0
DA:184,0
DA:185,0
DA:187,0
LF:25
LH:0
BRDA:33,0,0,0
BRDA:33,0,1,0
BRDA:41,1,0,0
BRDA:41,1,1,0
BRDA:54,2,0,0
BRDA:54,2,1,0
BRDA:67,3,0,0
BRDA:67,3,1,0
BRDA:73,4,0,0
BRDA:73,4,1,0
BRDA:75,5,0,0
BRDA:75,5,1,0
BRDA:76,6,0,0
BRDA:76,6,1,0
BRDA:82,7,0,0
BRDA:82,7,1,0
BRDA:192,8,0,0
BRDA:192,8,1,0
BRDA:202,9,0,0
BRDA:202,9,1,0
BRDA:206,10,0,0
BRDA:206,10,1,0
BRDA:208,11,0,0
BRDA:208,11,1,0
BRDA:215,12,0,0
BRDA:215,12,1,0
BRDA:217,13,0,0
BRDA:217,13,1,0
BRDA:228,14,0,0
BRDA:228,14,1,0
BRDA:237,15,0,0
BRDA:237,15,1,0
BRDA:237,15,2,0
BRDA:245,16,0,0
BRDA:245,16,1,0
BRDA:245,16,2,0
BRDA:253,17,0,0
BRDA:253,17,1,0
BRDA:253,17,2,0
BRDA:253,17,3,0
BRF:40
BRH:0
end_of_record
TN:
SF:src/components/templates/CreateTemplateModal.tsx
FN:90,CreateTemplateModal
FN:111,(anonymous_1)
FN:115,(anonymous_2)
FN:119,(anonymous_3)
FN:120,(anonymous_4)
FN:123,(anonymous_5)
FN:136,(anonymous_6)
FN:181,(anonymous_7)
FN:225,(anonymous_8)
FN:244,(anonymous_9)
FN:269,(anonymous_10)
FN:303,(anonymous_11)
FN:336,(anonymous_12)
FN:355,(anonymous_13)
FNF:14
FNH:0
FNDA:0,CreateTemplateModal
FNDA:0,(anonymous_1)
FNDA:0,(anonymous_2)
FNDA:0,(anonymous_3)
FNDA:0,(anonymous_4)
FNDA:0,(anonymous_5)
FNDA:0,(anonymous_6)
FNDA:0,(anonymous_7)
FNDA:0,(anonymous_8)
FNDA:0,(anonymous_9)
FNDA:0,(anonymous_10)
FNDA:0,(anonymous_11)
FNDA:0,(anonymous_12)
FNDA:0,(anonymous_13)
DA:51,0
DA:72,0
DA:95,0
DA:96,0
DA:98,0
DA:111,0
DA:112,0
DA:113,0
DA:114,0
DA:115,0
DA:119,0
DA:120,0
DA:123,0
DA:124,0
DA:126,0
DA:128,0
DA:130,0
DA:132,0
DA:136,0
DA:137,0
DA:138,0
DA:139,0
DA:140,0
DA:142,0
DA:144,0
DA:148,0
DA:182,0
DA:183,0
DA:226,0
DA:245,0
DA:270,0
DA:304,0
DA:337,0
DA:356,0
LF:34
LH:0
BRDA:114,0,0,0
BRDA:114,0,1,0
BRDA:124,1,0,0
BRDA:124,1,1,0
BRDA:124,1,2,0
BRDA:124,1,3,0
BRDA:194,2,0,0
BRDA:194,2,1,0
BRDA:220,3,0,0
BRDA:220,3,1,0
BRDA:264,4,0,0
BRDA:264,4,1,0
BRDA:331,5,0,0
BRDA:331,5,1,0
BRDA:390,6,0,0
BRDA:390,6,1,0
BRDA:405,7,0,0
BRDA:405,7,1,0
BRF:18
BRH:0
end_of_record
TN:
SF:src/components/templates/NodeConfigWizard.tsx
FN:94,(anonymous_0)
FN:107,fetchNodeTypeByBackendId
FN:116,(anonymous_2)
FN:131,NodeConfigWizard
FN:148,(anonymous_4)
FN:158,(anonymous_5)
FN:159,(anonymous_6)
FN:161,(anonymous_7)
FN:165,(anonymous_8)
FN:167,(anonymous_9)
FN:173,(anonymous_10)
FN:190,(anonymous_11)
FN:191,(anonymous_12)
FN:204,(anonymous_13)
FN:239,(anonymous_14)
FN:244,(anonymous_15)
FN:302,(anonymous_16)
FN:312,(anonymous_17)
FN:351,(anonymous_18)
FN:356,(anonymous_19)
FN:362,(anonymous_20)
FN:366,(anonymous_21)
FN:371,(anonymous_22)
FN:376,(anonymous_23)
FN:377,(anonymous_24)
FNF:25
FNH:0
FNDA:0,(anonymous_0)
FNDA:0,fetchNodeTypeByBackendId
FNDA:0,(anonymous_2)
FNDA:0,NodeConfigWizard
FNDA:0,(anonymous_4)
FNDA:0,(anonymous_5)
FNDA:0,(anonymous_6)
FNDA:0,(anonymous_7)
FNDA:0,(anonymous_8)
FNDA:0,(anonymous_9)
FNDA:0,(anonymous_10)
FNDA:0,(anonymous_11)
FNDA:0,(anonymous_12)
FNDA:0,(anonymous_13)
FNDA:0,(anonymous_14)
FNDA:0,(anonymous_15)
FNDA:0,(anonymous_16)
FNDA:0,(anonymous_17)
FNDA:0,(anonymous_18)
FNDA:0,(anonymous_19)
FNDA:0,(anonymous_20)
FNDA:0,(anonymous_21)
FNDA:0,(anonymous_22)
FNDA:0,(anonymous_23)
FNDA:0,(anonymous_24)
DA:64,0
DA:73,0
DA:94,0
DA:95,0
DA:96,0
DA:98,0
DA:102,0
DA:108,0
DA:109,0
DA:111,0
DA:112,0
DA:113,0
DA:115,0
DA:116,0
DA:117,0
DA:118,0
DA:119,0
DA:122,0
DA:123,0
DA:124,0
DA:126,0
DA:127,0
DA:136,0
DA:137,0
DA:138,0
DA:139,0
DA:140,0
DA:141,0
DA:144,0
DA:147,0
DA:149,0
DA:158,0
DA:159,0
DA:160,0
DA:161,0
DA:165,0
DA:166,0
DA:167,0
DA:168,0
DA:173,0
DA:174,0
DA:176,0
DA:177,0
DA:182,0
DA:190,0
DA:191,0
DA:193,0
DA:194,0
DA:198,0
DA:201,0
DA:204,0
DA:205,0
DA:206,0
DA:207,0
DA:208,0
DA:209,0
DA:210,0
DA:211,0
DA:212,0
DA:213,0
DA:215,0
DA:220,0
DA:226,0
DA:235,0
DA:239,0
DA:240,0
DA:244,0
DA:245,0
DA:246,0
DA:247,0
DA:252,0
DA:253,0
DA:258,0
DA:259,0
DA:263,0
DA:266,0
DA:268,0
DA:269,0
DA:274,0
DA:275,0
DA:278,0
DA:281,0
DA:283,0
DA:284,0
DA:289,0
DA:292,0
DA:294,0
DA:297,0
DA:302,0
DA:303,0
DA:304,0
DA:308,0
DA:310,0
DA:311,0
DA:312,0
DA:319,0
DA:321,0
DA:325,0
DA:329,0
DA:336,0
DA:340,0
DA:346,0
DA:351,0
DA:352,0
DA:353,0
DA:354,0
DA:356,0
DA:362,0
DA:363,0
DA:364,0
DA:366,0
DA:371,0
DA:376,0
DA:377,0
DA:378,0
DA:395,0
DA:396,0
DA:411,0
LF:118
LH:0
BRDA:99,0,0,0
BRDA:99,0,1,0
BRDA:109,1,0,0
BRDA:109,1,1,0
BRDA:115,2,0,0
BRDA:115,2,1,0
BRDA:117,3,0,0
BRDA:117,3,1,0
BRDA:126,4,0,0
BRDA:126,4,1,0
BRDA:160,5,0,0
BRDA:160,5,1,0
BRDA:160,6,0,0
BRDA:160,6,1,0
BRDA:160,6,2,0
BRDA:176,7,0,0
BRDA:176,7,1,0
BRDA:193,8,0,0
BRDA:193,8,1,0
BRDA:205,9,0,0
BRDA:205,9,1,0
BRDA:206,10,0,0
BRDA:206,10,1,0
BRDA:208,11,0,0
BRDA:208,11,1,0
BRDA:210,12,0,0
BRDA:210,12,1,0
BRDA:212,13,0,0
BRDA:212,13,1,0
BRDA:252,14,0,0
BRDA:252,14,1,0
BRDA:252,15,0,0
BRDA:252,15,1,0
BRDA:254,16,0,0
BRDA:254,16,1,0
BRDA:268,17,0,0
BRDA:268,17,1,0
BRDA:283,18,0,0
BRDA:283,18,1,0
BRDA:287,19,0,0
BRDA:287,19,1,0
BRDA:295,20,0,0
BRDA:295,20,1,0
BRDA:310,21,0,0
BRDA:310,21,1,0
BRDA:315,22,0,0
BRDA:315,22,1,0
BRDA:337,23,0,0
BRDA:337,23,1,0
BRDA:352,24,0,0
BRDA:352,24,1,0
BRDA:353,25,0,0
BRDA:353,25,1,0
BRDA:363,26,0,0
BRDA:363,26,1,0
BRDA:378,27,0,0
BRDA:378,27,1,0
BRDA:395,28,0,0
BRDA:395,28,1,0
BRF:59
BRH:0
end_of_record
TN:
SF:src/components/templates/TemplateFavoriteButton.tsx
FN:13,TemplateFavoriteButton
FN:23,(anonymous_1)
FN:35,(anonymous_2)
FN:51,(anonymous_3)
FN:77,(anonymous_4)
FN:109,(anonymous_5)
FNF:6
FNH:3
FNDA:1,TemplateFavoriteButton
FNDA:1,(anonymous_1)
FNDA:0,(anonymous_2)
FNDA:0,(anonymous_3)
FNDA:1,(anonymous_4)
FNDA:0,(anonymous_5)
DA:19,1
DA:20,1
DA:23,1
DA:24,1
DA:25,1
DA:26,0
DA:27,0
DA:28,0
DA:30,0
DA:35,1
DA:37,0
DA:38,0
DA:40,0
DA:41,0
DA:42,0
DA:44,0
DA:50,0
DA:51,0
DA:52,0
DA:58,0
DA:59,0
DA:67,0
DA:70,0
DA:71,0
DA:72,0
DA:77,1
DA:78,1
DA:80,0
DA:85,0
DA:91,1
DA:98,1
DA:100,1
DA:110,0
DA:111,0
LF:34
LH:11
BRDA:15,0,0,1
BRDA:17,1,0,1
BRDA:25,2,0,0
BRDA:25,2,1,1
BRDA:40,3,0,0
BRDA:40,3,1,0
BRDA:50,4,0,0
BRDA:50,4,1,0
BRDA:71,5,0,0
BRDA:71,5,1,0
BRDA:78,6,0,0
BRDA:78,6,1,0
BRDA:78,6,2,1
BRDA:78,6,3,1
BRDA:105,7,0,0
BRDA:105,7,1,1
BRDA:113,8,0,0
BRDA:113,8,1,1
BRDA:115,9,0,0
BRDA:115,9,1,1
BRF:20
BRH:8
end_of_record
TN:
SF:src/components/templates/TemplateIntegrationGuide.tsx
FN:802,getGuideForTemplate
FN:832,MonetizationCard
FN:868,UseCaseCard
FN:950,TemplateIntegrationGuide
FN:963,(anonymous_4)
FN:972,(anonymous_5)
FN:1066,(anonymous_6)
FN:1075,(anonymous_7)
FN:1079,(anonymous_8)
FN:1088,(anonymous_9)
FN:1101,(anonymous_10)
FN:1122,(anonymous_11)
FN:1140,(anonymous_12)
FN:1156,(anonymous_13)
FN:1169,(anonymous_14)
FN:1191,(anonymous_15)
FN:1195,(anonymous_16)
FN:1237,(anonymous_17)
FN:1246,(anonymous_18)
FN:1257,handleUseTemplate
FNF:20
FNH:0
FNDA:0,getGuideForTemplate
FNDA:0,MonetizationCard
FNDA:0,UseCaseCard
FNDA:0,TemplateIntegrationGuide
FNDA:0,(anonymous_4)
FNDA:0,(anonymous_5)
FNDA:0,(anonymous_6)
FNDA:0,(anonymous_7)
FNDA:0,(anonymous_8)
FNDA:0,(anonymous_9)
FNDA:0,(anonymous_10)
FNDA:0,(anonymous_11)
FNDA:0,(anonymous_12)
FNDA:0,(anonymous_13)
FNDA:0,(anonymous_14)
FNDA:0,(anonymous_15)
FNDA:0,(anonymous_16)
FNDA:0,(anonymous_17)
FNDA:0,(anonymous_18)
FNDA:0,handleUseTemplate
DA:110,0
DA:707,0
DA:803,0
DA:804,0
DA:807,0
DA:809,0
DA:811,0
DA:814,0
DA:816,0
DA:819,0
DA:821,0
DA:824,0
DA:826,0
DA:829,0
DA:833,0
DA:851,0
DA:870,0
DA:932,0
DA:959,0
DA:960,0
DA:961,0
DA:963,0
DA:964,0
DA:965,0
DA:972,0
DA:973,0
DA:975,0
DA:982,0
DA:992,0
DA:1007,0
DA:1067,0
DA:1076,0
DA:1079,0
DA:1089,0
DA:1102,0
DA:1122,0
DA:1141,0
DA:1157,0
DA:1170,0
DA:1192,0
DA:1195,0
DA:1237,0
DA:1246,0
DA:1258,0
LF:44
LH:0
BRDA:803,0,0,0
BRDA:803,0,1,0
BRDA:809,1,0,0
BRDA:809,1,1,0
BRDA:809,2,0,0
BRDA:809,2,1,0
BRDA:809,2,2,0
BRDA:809,2,3,0
BRDA:814,3,0,0
BRDA:814,3,1,0
BRDA:814,4,0,0
BRDA:814,4,1,0
BRDA:814,4,2,0
BRDA:819,5,0,0
BRDA:819,5,1,0
BRDA:819,6,0,0
BRDA:819,6,1,0
BRDA:819,6,2,0
BRDA:819,6,3,0
BRDA:824,7,0,0
BRDA:824,7,1,0
BRDA:824,8,0,0
BRDA:824,8,1,0
BRDA:824,8,2,0
BRDA:870,9,0,0
BRDA:870,9,1,0
BRDA:952,10,0,0
BRDA:953,11,0,0
BRDA:973,12,0,0
BRDA:973,12,1,0
BRDA:973,12,2,0
BRDA:1016,13,0,0
BRDA:1016,13,1,0
BRDA:1020,14,0,0
BRDA:1020,14,1,0
BRDA:1021,15,0,0
BRDA:1021,15,1,0
BRDA:1110,16,0,0
BRDA:1110,16,1,0
BRDA:1115,17,0,0
BRDA:1115,17,1,0
BRDA:1122,18,0,0
BRDA:1122,18,1,0
BRDA:1238,19,0,0
BRDA:1238,19,1,0
BRDA:1239,20,0,0
BRDA:1239,20,1,0
BRDA:1240,21,0,0
BRDA:1240,21,1,0
BRDA:1241,22,0,0
BRDA:1241,22,1,0
BRF:51
BRH:0
end_of_record
TN:
SF:src/components/templates/TemplatePreviewModal.tsx
FN:32,TemplatePreviewModal
FN:41,(anonymous_1)
FN:49,(anonymous_2)
FN:90,(anonymous_3)
FN:107,(anonymous_4)
FN:127,(anonymous_5)
FN:169,(anonymous_6)
FN:173,(anonymous_7)
FN:178,(anonymous_8)
FN:199,(anonymous_9)
FN:223,(anonymous_10)
FN:238,(anonymous_11)
FN:273,(anonymous_12)
FN:326,(anonymous_13)
FN:351,(anonymous_14)
FN:376,(anonymous_15)
FN:410,(anonymous_16)
FN:414,(anonymous_17)
FN:425,(anonymous_18)
FNF:19
FNH:0
FNDA:0,TemplatePreviewModal
FNDA:0,(anonymous_1)
FNDA:0,(anonymous_2)
FNDA:0,(anonymous_3)
FNDA:0,(anonymous_4)
FNDA:0,(anonymous_5)
FNDA:0,(anonymous_6)
FNDA:0,(anonymous_7)
FNDA:0,(anonymous_8)
FNDA:0,(anonymous_9)
FNDA:0,(anonymous_10)
FNDA:0,(anonymous_11)
FNDA:0,(anonymous_12)
FNDA:0,(anonymous_13)
FNDA:0,(anonymous_14)
FNDA:0,(anonymous_15)
FNDA:0,(anonymous_16)
FNDA:0,(anonymous_17)
FNDA:0,(anonymous_18)
DA:38,0
DA:41,0
DA:42,0
DA:43,0
DA:44,0
DA:49,0
DA:50,0
DA:51,0
DA:55,0
DA:62,0
DA:65,0
DA:66,0
DA:68,0
DA:69,0
DA:70,0
DA:75,0
DA:79,0
DA:80,0
DA:83,0
DA:84,0
DA:86,0
DA:90,0
DA:94,0
DA:102,0
DA:103,0
DA:107,0
DA:108,0
DA:109,0
DA:110,0
DA:111,0
DA:112,0
DA:114,0
DA:115,0
DA:118,0
DA:122,0
DA:127,0
DA:128,0
DA:129,0
DA:135,0
DA:141,0
DA:142,0
DA:146,0
DA:148,0
DA:149,0
DA:150,0
DA:151,0
DA:152,0
DA:153,0
DA:157,0
DA:158,0
DA:160,0
DA:164,0
DA:169,0
DA:170,0
DA:171,0
DA:173,0
DA:174,0
DA:175,0
DA:178,0
DA:179,0
DA:182,0
DA:188,0
DA:190,0
DA:194,0
DA:199,0
DA:200,0
DA:201,0
DA:208,0
DA:210,0
DA:214,0
DA:223,0
DA:224,0
DA:225,0
DA:228,0
DA:230,0
DA:237,0
DA:238,0
DA:274,0
DA:327,0
DA:352,0
DA:377,0
DA:411,0
DA:413,0
DA:414,0
DA:415,0
DA:416,0
DA:419,0
DA:421,0
DA:426,0
LF:89
LH:0
BRDA:43,0,0,0
BRDA:43,0,1,0
BRDA:43,1,0,0
BRDA:43,1,1,0
BRDA:50,2,0,0
BRDA:50,2,1,0
BRDA:56,3,0,0
BRDA:56,3,1,0
BRDA:62,4,0,0
BRDA:62,4,1,0
BRDA:69,5,0,0
BRDA:69,5,1,0
BRDA:75,6,0,0
BRDA:75,6,1,0
BRDA:79,7,0,0
BRDA:79,7,1,0
BRDA:79,8,0,0
BRDA:79,8,1,0
BRDA:83,9,0,0
BRDA:83,9,1,0
BRDA:84,10,0,0
BRDA:84,10,1,0
BRDA:95,11,0,0
BRDA:95,11,1,0
BRDA:109,12,0,0
BRDA:109,12,1,0
BRDA:109,12,2,0
BRDA:109,12,3,0
BRDA:119,13,0,0
BRDA:119,13,1,0
BRDA:135,14,0,0
BRDA:135,14,1,0
BRDA:135,15,0,0
BRDA:135,15,1,0
BRDA:135,15,2,0
BRDA:135,15,3,0
BRDA:135,15,4,0
BRDA:148,16,0,0
BRDA:148,16,1,0
BRDA:148,17,0,0
BRDA:148,17,1,0
BRDA:148,17,2,0
BRDA:151,18,0,0
BRDA:151,18,1,0
BRDA:151,19,0,0
BRDA:151,19,1,0
BRDA:161,20,0,0
BRDA:161,20,1,0
BRDA:174,21,0,0
BRDA:174,21,1,0
BRDA:175,22,0,0
BRDA:175,22,1,0
BRDA:179,23,0,0
BRDA:179,23,1,0
BRDA:191,24,0,0
BRDA:191,24,1,0
BRDA:211,25,0,0
BRDA:211,25,1,0
BRDA:231,26,0,0
BRDA:231,26,1,0
BRDA:238,27,0,0
BRDA:238,27,1,0
BRDA:266,28,0,0
BRDA:266,28,1,0
BRDA:266,28,2,0
BRDA:330,29,0,0
BRDA:330,29,1,0
BRDA:333,30,0,0
BRDA:333,30,1,0
BRDA:336,31,0,0
BRDA:336,31,1,0
BRDA:339,32,0,0
BRDA:339,32,1,0
BRDA:356,33,0,0
BRDA:356,33,1,0
BRDA:381,34,0,0
BRDA:381,34,1,0
BRDA:411,35,0,0
BRDA:411,35,1,0
BRDA:416,36,0,0
BRDA:416,36,1,0
BRDA:419,37,0,0
BRDA:419,37,1,0
BRF:83
BRH:0
end_of_record
TN:
SF:src/components/templates/TemplateSearch.tsx
FN:83,TemplateSearch
FN:95,(anonymous_1)
FN:105,(anonymous_2)
FN:111,(anonymous_3)
FN:121,(anonymous_4)
FN:164,(anonymous_5)
FN:205,(anonymous_6)
FN:230,(anonymous_7)
FN:239,(anonymous_8)
FN:262,(anonymous_9)
FN:266,(anonymous_10)
FN:294,(anonymous_11)
FN:312,(anonymous_12)
FN:317,(anonymous_13)
FN:320,(anonymous_14)
FN:325,(anonymous_15)
FN:329,(anonymous_16)
FN:354,(anonymous_17)
FN:356,(anonymous_18)
FN:366,(anonymous_19)
FN:400,(anonymous_20)
FN:443,(anonymous_21)
FN:447,(anonymous_22)
FN:459,(anonymous_23)
FN:482,(anonymous_24)
FN:513,(anonymous_25)
FN:543,(anonymous_26)
FN:594,(anonymous_27)
FN:600,(anonymous_28)
FN:633,(anonymous_29)
FN:639,(anonymous_30)
FN:657,(anonymous_31)
FN:663,(anonymous_32)
FN:676,(anonymous_33)
FN:682,(anonymous_34)
FN:696,(anonymous_35)
FN:703,(anonymous_36)
FN:724,(anonymous_37)
FN:729,(anonymous_38)
FN:738,(anonymous_39)
FN:743,(anonymous_40)
FN:757,(anonymous_41)
FN:772,(anonymous_42)
FN:789,(anonymous_43)
FN:799,(anonymous_44)
FN:808,(anonymous_45)
FN:820,(anonymous_46)
FN:843,(anonymous_47)
FN:863,(anonymous_48)
FN:881,(anonymous_49)
FN:911,(anonymous_50)
FN:937,(anonymous_51)
FN:974,(anonymous_52)
FN:982,(anonymous_53)
FN:1032,(anonymous_54)
FNF:55
FNH:0
FNDA:0,TemplateSearch
FNDA:0,(anonymous_1)
FNDA:0,(anonymous_2)
FNDA:0,(anonymous_3)
FNDA:0,(anonymous_4)
FNDA:0,(anonymous_5)
FNDA:0,(anonymous_6)
FNDA:0,(anonymous_7)
FNDA:0,(anonymous_8)
FNDA:0,(anonymous_9)
FNDA:0,(anonymous_10)
FNDA:0,(anonymous_11)
FNDA:0,(anonymous_12)
FNDA:0,(anonymous_13)
FNDA:0,(anonymous_14)
FNDA:0,(anonymous_15)
FNDA:0,(anonymous_16)
FNDA:0,(anonymous_17)
FNDA:0,(anonymous_18)
FNDA:0,(anonymous_19)
FNDA:0,(anonymous_20)
FNDA:0,(anonymous_21)
FNDA:0,(anonymous_22)
FNDA:0,(anonymous_23)
FNDA:0,(anonymous_24)
FNDA:0,(anonymous_25)
FNDA:0,(anonymous_26)
FNDA:0,(anonymous_27)
FNDA:0,(anonymous_28)
FNDA:0,(anonymous_29)
FNDA:0,(anonymous_30)
FNDA:0,(anonymous_31)
FNDA:0,(anonymous_32)
FNDA:0,(anonymous_33)
FNDA:0,(anonymous_34)
FNDA:0,(anonymous_35)
FNDA:0,(anonymous_36)
FNDA:0,(anonymous_37)
FNDA:0,(anonymous_38)
FNDA:0,(anonymous_39)
FNDA:0,(anonymous_40)
FNDA:0,(anonymous_41)
FNDA:0,(anonymous_42)
FNDA:0,(anonymous_43)
FNDA:0,(anonymous_44)
FNDA:0,(anonymous_45)
FNDA:0,(anonymous_46)
FNDA:0,(anonymous_47)
FNDA:0,(anonymous_48)
FNDA:0,(anonymous_49)
FNDA:0,(anonymous_50)
FNDA:0,(anonymous_51)
FNDA:0,(anonymous_52)
FNDA:0,(anonymous_53)
FNDA:0,(anonymous_54)
DA:56,0
DA:69,0
DA:76,0
DA:84,0
DA:85,0
DA:86,0
DA:87,0
DA:88,0
DA:89,0
DA:90,0
DA:91,0
DA:92,0
DA:95,0
DA:96,0
DA:105,0
DA:106,0
DA:111,0
DA:112,0
DA:113,0
DA:119,0
DA:121,0
DA:124,0
DA:125,0
DA:126,0
DA:131,0
DA:135,0
DA:140,0
DA:143,0
DA:145,0
DA:151,0
DA:155,0
DA:164,0
DA:165,0
DA:166,0
DA:167,0
DA:169,0
DA:170,0
DA:171,0
DA:172,0
DA:173,0
DA:176,0
DA:179,0
DA:181,0
DA:186,0
DA:187,0
DA:190,0
DA:193,0
DA:196,0
DA:205,0
DA:206,0
DA:208,0
DA:209,0
DA:212,0
DA:213,0
DA:216,0
DA:217,0
DA:220,0
DA:222,0
DA:223,0
DA:224,0
DA:228,0
DA:231,0
DA:232,0
DA:233,0
DA:235,0
DA:236,0
DA:238,0
DA:239,0
DA:240,0
DA:241,0
DA:242,0
DA:245,0
DA:248,0
DA:249,0
DA:250,0
DA:251,0
DA:254,0
DA:255,0
DA:257,0
DA:258,0
DA:262,0
DA:266,0
DA:267,0
DA:268,0
DA:287,0
DA:294,0
DA:295,0
DA:296,0
DA:298,0
DA:308,0
DA:311,0
DA:312,0
DA:315,0
DA:316,0
DA:317,0
DA:318,0
DA:320,0
DA:324,0
DA:325,0
DA:328,0
DA:329,0
DA:332,0
DA:343,0
DA:345,0
DA:349,0
DA:354,0
DA:356,0
DA:357,0
DA:358,0
DA:359,0
DA:360,0
DA:361,0
DA:366,0
DA:367,0
DA:368,0
DA:373,0
DA:379,0
DA:385,0
DA:387,0
DA:391,0
DA:400,0
DA:401,0
DA:402,0
DA:405,0
DA:408,0
DA:413,0
DA:417,0
DA:421,0
DA:425,0
DA:428,0
DA:432,0
DA:435,0
DA:439,0
DA:443,0
DA:444,0
DA:446,0
DA:447,0
DA:448,0
DA:449,0
DA:453,0
DA:456,0
DA:459,0
DA:460,0
DA:461,0
DA:462,0
DA:463,0
DA:464,0
DA:469,0
DA:470,0
DA:471,0
DA:483,0
DA:497,0
DA:498,0
DA:501,0
DA:513,0
DA:524,0
DA:525,0
DA:533,0
DA:544,0
DA:545,0
DA:546,0
DA:547,0
DA:548,0
DA:559,0
DA:594,0
DA:600,0
DA:634,0
DA:639,0
DA:658,0
DA:663,0
DA:677,0
DA:682,0
DA:696,0
DA:704,0
DA:705,0
DA:706,0
DA:707,0
DA:708,0
DA:724,0
DA:729,0
DA:738,0
DA:743,0
DA:757,0
DA:772,0
DA:789,0
DA:799,0
DA:808,0
DA:821,0
DA:844,0
DA:863,0
DA:882,0
DA:912,0
DA:937,0
DA:974,0
DA:983,0
DA:984,0
DA:985,0
DA:986,0
DA:1032,0
LF:199
LH:0
BRDA:119,0,0,0
BRDA:119,0,1,0
BRDA:132,1,0,0
BRDA:132,1,1,0
BRDA:152,2,0,0
BRDA:152,2,1,0
BRDA:169,3,0,0
BRDA:169,3,1,0
BRDA:172,4,0,0
BRDA:172,4,1,0
BRDA:182,5,0,0
BRDA:182,5,1,0
BRDA:194,6,0,0
BRDA:194,6,1,0
BRDA:208,7,0,0
BRDA:208,7,1,0
BRDA:212,8,0,0
BRDA:212,8,1,0
BRDA:216,9,0,0
BRDA:216,9,1,0
BRDA:233,10,0,0
BRDA:233,10,1,0
BRDA:238,11,0,0
BRDA:238,11,1,0
BRDA:240,12,0,0
BRDA:240,12,1,0
BRDA:248,13,0,0
BRDA:248,13,1,0
BRDA:257,14,0,0
BRDA:257,14,1,0
BRDA:288,15,0,0
BRDA:288,15,1,0
BRDA:296,16,0,0
BRDA:296,16,1,0
BRDA:311,17,0,0
BRDA:311,17,1,0
BRDA:315,18,0,0
BRDA:315,18,1,0
BRDA:318,19,0,0
BRDA:318,19,1,0
BRDA:318,19,2,0
BRDA:319,20,0,0
BRDA:319,20,1,0
BRDA:324,21,0,0
BRDA:324,21,1,0
BRDA:328,22,0,0
BRDA:328,22,1,0
BRDA:346,23,0,0
BRDA:346,23,1,0
BRDA:357,24,0,0
BRDA:357,24,1,0
BRDA:357,24,2,0
BRDA:357,24,3,0
BRDA:388,25,0,0
BRDA:388,25,1,0
BRDA:401,26,0,0
BRDA:401,26,1,0
BRDA:408,27,0,0
BRDA:408,27,1,0
BRDA:408,28,0,0
BRDA:408,28,1,0
BRDA:408,28,2,0
BRDA:408,28,3,0
BRDA:417,29,0,0
BRDA:417,29,1,0
BRDA:417,30,0,0
BRDA:417,30,1,0
BRDA:417,30,2,0
BRDA:417,30,3,0
BRDA:417,30,4,0
BRDA:425,31,0,0
BRDA:425,31,1,0
BRDA:425,32,0,0
BRDA:425,32,1,0
BRDA:425,32,2,0
BRDA:425,32,3,0
BRDA:432,33,0,0
BRDA:432,33,1,0
BRDA:432,34,0,0
BRDA:432,34,1,0
BRDA:432,34,2,0
BRDA:444,35,0,0
BRDA:444,35,1,0
BRDA:448,36,0,0
BRDA:448,36,1,0
BRDA:449,37,0,0
BRDA:449,37,1,0
BRDA:460,38,0,0
BRDA:460,38,1,0
BRDA:460,38,2,0
BRDA:460,38,3,0
BRDA:469,39,0,0
BRDA:469,39,1,0
BRDA:497,40,0,0
BRDA:497,40,1,0
BRDA:499,41,0,0
BRDA:499,41,1,0
BRDA:511,42,0,0
BRDA:511,42,1,0
BRDA:524,43,0,0
BRDA:524,43,1,0
BRDA:628,44,0,0
BRDA:628,44,1,0
BRDA:638,45,0,0
BRDA:638,45,1,0
BRDA:641,46,0,0
BRDA:641,46,1,0
BRDA:643,47,0,0
BRDA:643,47,1,0
BRDA:645,48,0,0
BRDA:645,48,1,0
BRDA:662,49,0,0
BRDA:662,49,1,0
BRDA:665,50,0,0
BRDA:665,50,1,0
BRDA:681,51,0,0
BRDA:681,51,1,0
BRDA:684,52,0,0
BRDA:684,52,1,0
BRDA:695,53,0,0
BRDA:695,53,1,0
BRDA:697,54,0,0
BRDA:697,54,1,0
BRDA:699,55,0,0
BRDA:699,55,1,0
BRDA:700,56,0,0
BRDA:700,56,1,0
BRDA:718,57,0,0
BRDA:718,57,1,0
BRDA:718,57,2,0
BRDA:718,57,3,0
BRDA:718,57,4,0
BRDA:722,58,0,0
BRDA:722,58,1,0
BRDA:736,59,0,0
BRDA:736,59,1,0
BRDA:750,60,0,0
BRDA:750,60,1,0
BRDA:764,61,0,0
BRDA:764,61,1,0
BRDA:782,62,0,0
BRDA:782,62,1,0
BRDA:782,62,2,0
BRDA:786,63,0,0
BRDA:786,63,1,0
BRDA:788,64,0,0
BRDA:788,64,1,0
BRDA:796,65,0,0
BRDA:796,65,1,0
BRDA:798,66,0,0
BRDA:798,66,1,0
BRDA:805,67,0,0
BRDA:805,67,1,0
BRDA:807,68,0,0
BRDA:807,68,1,0
BRDA:818,69,0,0
BRDA:818,69,1,0
BRDA:838,70,0,0
BRDA:838,70,1,0
BRDA:879,71,0,0
BRDA:879,71,1,0
BRDA:916,72,0,0
BRDA:916,72,1,0
BRDA:916,73,0,0
BRDA:916,73,1,0
BRDA:918,74,0,0
BRDA:918,74,1,0
BRDA:930,75,0,0
BRDA:930,75,1,0
BRDA:954,76,0,0
BRDA:954,76,1,0
BRDA:954,76,2,0
BRDA:954,76,3,0
BRDA:960,77,0,0
BRDA:960,77,1,0
BRDA:965,78,0,0
BRDA:965,78,1,0
BRDA:970,79,0,0
BRDA:970,79,1,0
BRF:179
BRH:0
end_of_record
TN:
SF:src/components/templates/TemplateWorkflowSetup.tsx
FN:132,(anonymous_0)
FN:147,NodeTypeCrudModal
FN:163,(anonymous_2)
FN:180,(anonymous_3)
FN:186,(anonymous_4)
FN:204,(anonymous_5)
FN:222,(anonymous_6)
FN:239,(anonymous_7)
FN:256,(anonymous_8)
FN:259,(anonymous_9)
FN:270,(anonymous_10)
FN:301,TemplateWorkflowSetup
FN:321,(anonymous_12)
FN:329,(anonymous_13)
FN:337,(anonymous_14)
FN:349,(anonymous_15)
FN:350,(anonymous_16)
FN:409,(anonymous_17)
FN:429,(anonymous_18)
FN:446,(anonymous_19)
FN:448,(anonymous_20)
FN:468,(anonymous_21)
FN:475,(anonymous_22)
FN:481,(anonymous_23)
FN:496,(anonymous_24)
FN:537,(anonymous_25)
FN:538,(anonymous_26)
FN:541,(anonymous_27)
FN:568,(anonymous_28)
FN:570,(anonymous_29)
FN:576,(anonymous_30)
FN:577,(anonymous_31)
FN:584,(anonymous_32)
FN:598,(anonymous_33)
FN:611,(anonymous_34)
FN:617,(anonymous_35)
FN:623,(anonymous_36)
FN:627,(anonymous_37)
FN:629,(anonymous_38)
FN:686,(anonymous_39)
FN:697,(anonymous_40)
FN:729,(anonymous_41)
FN:792,(anonymous_42)
FN:799,(anonymous_43)
FN:962,(anonymous_44)
FN:1015,(anonymous_45)
FN:1052,(anonymous_46)
FN:1053,(anonymous_47)
FN:1139,(anonymous_48)
FN:1155,(anonymous_49)
FN:1169,(anonymous_50)
FN:1185,(anonymous_51)
FN:1186,(anonymous_52)
FNF:53
FNH:0
FNDA:0,(anonymous_0)
FNDA:0,NodeTypeCrudModal
FNDA:0,(anonymous_2)
FNDA:0,(anonymous_3)
FNDA:0,(anonymous_4)
FNDA:0,(anonymous_5)
FNDA:0,(anonymous_6)
FNDA:0,(anonymous_7)
FNDA:0,(anonymous_8)
FNDA:0,(anonymous_9)
FNDA:0,(anonymous_10)
FNDA:0,TemplateWorkflowSetup
FNDA:0,(anonymous_12)
FNDA:0,(anonymous_13)
FNDA:0,(anonymous_14)
FNDA:0,(anonymous_15)
FNDA:0,(anonymous_16)
FNDA:0,(anonymous_17)
FNDA:0,(anonymous_18)
FNDA:0,(anonymous_19)
FNDA:0,(anonymous_20)
FNDA:0,(anonymous_21)
FNDA:0,(anonymous_22)
FNDA:0,(anonymous_23)
FNDA:0,(anonymous_24)
FNDA:0,(anonymous_25)
FNDA:0,(anonymous_26)
FNDA:0,(anonymous_27)
FNDA:0,(anonymous_28)
FNDA:0,(anonymous_29)
FNDA:0,(anonymous_30)
FNDA:0,(anonymous_31)
FNDA:0,(anonymous_32)
FNDA:0,(anonymous_33)
FNDA:0,(anonymous_34)
FNDA:0,(anonymous_35)
FNDA:0,(anonymous_36)
FNDA:0,(anonymous_37)
FNDA:0,(anonymous_38)
FNDA:0,(anonymous_39)
FNDA:0,(anonymous_40)
FNDA:0,(anonymous_41)
FNDA:0,(anonymous_42)
FNDA:0,(anonymous_43)
FNDA:0,(anonymous_44)
FNDA:0,(anonymous_45)
FNDA:0,(anonymous_46)
FNDA:0,(anonymous_47)
FNDA:0,(anonymous_48)
FNDA:0,(anonymous_49)
FNDA:0,(anonymous_50)
FNDA:0,(anonymous_51)
FNDA:0,(anonymous_52)
DA:101,0
DA:132,0
DA:133,0
DA:134,0
DA:136,0
DA:151,0
DA:154,0
DA:158,0
DA:159,0
DA:160,0
DA:163,0
DA:164,0
DA:165,0
DA:166,0
DA:167,0
DA:168,0
DA:169,0
DA:170,0
DA:171,0
DA:173,0
DA:174,0
DA:176,0
DA:180,0
DA:181,0
DA:186,0
DA:187,0
DA:188,0
DA:189,0
DA:190,0
DA:195,0
DA:196,0
DA:198,0
DA:200,0
DA:204,0
DA:205,0
DA:206,0
DA:207,0
DA:208,0
DA:213,0
DA:214,0
DA:216,0
DA:218,0
DA:222,0
DA:223,0
DA:224,0
DA:225,0
DA:226,0
DA:229,0
DA:230,0
DA:232,0
DA:234,0
DA:239,0
DA:240,0
DA:243,0
DA:256,0
DA:260,0
DA:271,0
DA:305,0
DA:306,0
DA:307,0
DA:308,0
DA:309,0
DA:310,0
DA:311,0
DA:312,0
DA:313,0
DA:316,0
DA:317,0
DA:318,0
DA:319,0
DA:322,0
DA:323,0
DA:324,0
DA:329,0
DA:332,0
DA:338,0
DA:348,0
DA:350,0
DA:373,0
DA:374,0
DA:385,0
DA:386,0
DA:409,0
DA:420,0
DA:421,0
DA:429,0
DA:440,0
DA:441,0
DA:442,0
DA:445,0
DA:446,0
DA:449,0
DA:450,0
DA:453,0
DA:454,0
DA:455,0
DA:457,0
DA:458,0
DA:467,0
DA:468,0
DA:469,0
DA:470,0
DA:475,0
DA:476,0
DA:477,0
DA:481,0
DA:482,0
DA:485,0
DA:486,0
DA:489,0
DA:490,0
DA:491,0
DA:492,0
DA:495,0
DA:498,0
DA:499,0
DA:500,0
DA:503,0
DA:504,0
DA:506,0
DA:514,0
DA:523,0
DA:524,0
DA:526,0
DA:527,0
DA:536,0
DA:537,0
DA:538,0
DA:539,0
DA:541,0
DA:542,0
DA:543,0
DA:544,0
DA:545,0
DA:546,0
DA:547,0
DA:555,0
DA:556,0
DA:557,0
DA:568,0
DA:569,0
DA:570,0
DA:572,0
DA:576,0
DA:577,0
DA:584,0
DA:585,0
DA:586,0
DA:591,0
DA:593,0
DA:597,0
DA:599,0
DA:600,0
DA:601,0
DA:605,0
DA:611,0
DA:612,0
DA:616,0
DA:618,0
DA:620,0
DA:622,0
DA:623,0
DA:624,0
DA:626,0
DA:627,0
DA:628,0
DA:629,0
DA:630,0
DA:631,0
DA:632,0
DA:638,0
DA:647,0
DA:654,0
DA:659,0
DA:661,0
DA:662,0
DA:669,0
DA:686,0
DA:687,0
DA:689,0
DA:690,0
DA:693,0
DA:694,0
DA:695,0
DA:696,0
DA:697,0
DA:699,0
DA:700,0
DA:701,0
DA:704,0
DA:707,0
DA:711,0
DA:729,0
DA:794,0
DA:798,0
DA:800,0
DA:807,0
DA:809,0
DA:811,0
DA:844,0
DA:964,0
DA:968,0
DA:980,0
DA:984,0
DA:997,0
DA:1002,0
DA:1016,0
DA:1031,0
DA:1053,0
DA:1139,0
DA:1156,0
DA:1169,0
DA:1185,0
DA:1186,0
LF:214
LH:0
BRDA:133,0,0,0
BRDA:133,0,1,0
BRDA:137,1,0,0
BRDA:137,1,1,0
BRDA:137,1,2,0
BRDA:152,2,0,0
BRDA:152,2,1,0
BRDA:168,3,0,0
BRDA:168,3,1,0
BRDA:173,4,0,0
BRDA:173,4,1,0
BRDA:181,5,0,0
BRDA:181,5,1,0
BRDA:195,6,0,0
BRDA:195,6,1,0
BRDA:198,7,0,0
BRDA:198,7,1,0
BRDA:213,8,0,0
BRDA:213,8,1,0
BRDA:216,9,0,0
BRDA:216,9,1,0
BRDA:229,10,0,0
BRDA:229,10,1,0
BRDA:232,11,0,0
BRDA:232,11,1,0
BRDA:266,12,0,0
BRDA:266,12,1,0
BRDA:267,13,0,0
BRDA:267,13,1,0
BRDA:268,14,0,0
BRDA:268,14,1,0
BRDA:275,15,0,0
BRDA:275,15,1,0
BRDA:323,16,0,0
BRDA:323,16,1,0
BRDA:333,17,0,0
BRDA:333,17,1,0
BRDA:333,17,2,0
BRDA:333,17,3,0
BRDA:338,18,0,0
BRDA:338,18,1,0
BRDA:338,18,2,0
BRDA:338,18,3,0
BRDA:338,18,4,0
BRDA:352,19,0,0
BRDA:352,19,1,0
BRDA:357,20,0,0
BRDA:357,20,1,0
BRDA:359,21,0,0
BRDA:359,21,1,0
BRDA:359,22,0,0
BRDA:359,22,1,0
BRDA:363,23,0,0
BRDA:363,23,1,0
BRDA:364,24,0,0
BRDA:364,24,1,0
BRDA:365,25,0,0
BRDA:365,25,1,0
BRDA:373,26,0,0
BRDA:373,26,1,0
BRDA:385,27,0,0
BRDA:385,27,1,0
BRDA:406,28,0,0
BRDA:406,28,1,0
BRDA:420,29,0,0
BRDA:420,29,1,0
BRDA:440,30,0,0
BRDA:440,30,1,0
BRDA:441,31,0,0
BRDA:441,31,1,0
BRDA:442,32,0,0
BRDA:442,32,1,0
BRDA:453,33,0,0
BRDA:453,33,1,0
BRDA:469,34,0,0
BRDA:469,34,1,0
BRDA:469,35,0,0
BRDA:469,35,1,0
BRDA:469,35,2,0
BRDA:476,36,0,0
BRDA:476,36,1,0
BRDA:477,37,0,0
BRDA:477,37,1,0
BRDA:482,38,0,0
BRDA:482,38,1,0
BRDA:485,39,0,0
BRDA:485,39,1,0
BRDA:486,40,0,0
BRDA:486,40,1,0
BRDA:489,41,0,0
BRDA:489,41,1,0
BRDA:489,42,0,0
BRDA:489,42,1,0
BRDA:491,43,0,0
BRDA:491,43,1,0
BRDA:492,44,0,0
BRDA:492,44,1,0
BRDA:498,45,0,0
BRDA:498,45,1,0
BRDA:499,46,0,0
BRDA:499,46,1,0
BRDA:500,47,0,0
BRDA:500,47,1,0
BRDA:503,48,0,0
BRDA:503,48,1,0
BRDA:504,49,0,0
BRDA:504,49,1,0
BRDA:504,49,2,0
BRDA:504,49,3,0
BRDA:508,50,0,0
BRDA:508,50,1,0
BRDA:509,51,0,0
BRDA:509,51,1,0
BRDA:510,52,0,0
BRDA:510,52,1,0
BRDA:511,53,0,0
BRDA:511,53,1,0
BRDA:511,53,2,0
BRDA:539,54,0,0
BRDA:539,54,1,0
BRDA:542,55,0,0
BRDA:542,55,1,0
BRDA:542,56,0,0
BRDA:542,56,1,0
BRDA:544,57,0,0
BRDA:544,57,1,0
BRDA:544,58,0,0
BRDA:544,58,1,0
BRDA:546,59,0,0
BRDA:546,59,1,0
BRDA:572,60,0,0
BRDA:572,60,1,0
BRDA:585,61,0,0
BRDA:585,61,1,0
BRDA:585,62,0,0
BRDA:585,62,1,0
BRDA:618,63,0,0
BRDA:618,63,1,0
BRDA:623,64,0,0
BRDA:623,64,1,0
BRDA:624,65,0,0
BRDA:624,65,1,0
BRDA:628,66,0,0
BRDA:628,66,1,0
BRDA:628,67,0,0
BRDA:628,67,1,0
BRDA:631,68,0,0
BRDA:631,68,1,0
BRDA:689,69,0,0
BRDA:689,69,1,0
BRDA:693,70,0,0
BRDA:693,70,1,0
BRDA:695,71,0,0
BRDA:695,71,1,0
BRDA:700,72,0,0
BRDA:700,72,1,0
BRDA:713,73,0,0
BRDA:713,73,1,0
BRDA:737,74,0,0
BRDA:737,74,1,0
BRDA:752,75,0,0
BRDA:752,75,1,0
BRDA:762,76,0,0
BRDA:762,76,1,0
BRDA:767,77,0,0
BRDA:767,77,1,0
BRDA:794,78,0,0
BRDA:794,78,1,0
BRDA:794,79,0,0
BRDA:794,79,1,0
BRDA:800,80,0,0
BRDA:800,80,1,0
BRDA:800,80,2,0
BRDA:800,80,3,0
BRDA:800,80,4,0
BRDA:800,80,5,0
BRDA:807,81,0,0
BRDA:807,81,1,0
BRDA:813,82,0,0
BRDA:813,82,1,0
BRDA:815,83,0,0
BRDA:815,83,1,0
BRDA:821,84,0,0
BRDA:821,84,1,0
BRDA:827,85,0,0
BRDA:827,85,1,0
BRDA:832,86,0,0
BRDA:832,86,1,0
BRDA:853,87,0,0
BRDA:853,87,1,0
BRDA:883,88,0,0
BRDA:883,88,1,0
BRDA:896,89,0,0
BRDA:896,89,1,0
BRDA:909,90,0,0
BRDA:909,90,1,0
BRDA:922,91,0,0
BRDA:922,91,1,0
BRDA:935,92,0,0
BRDA:935,92,1,0
BRDA:964,93,0,0
BRDA:964,93,1,0
BRDA:965,94,0,0
BRDA:965,94,1,0
BRDA:980,95,0,0
BRDA:980,95,1,0
BRDA:981,96,0,0
BRDA:981,96,1,0
BRDA:997,97,0,0
BRDA:997,97,1,0
BRDA:998,98,0,0
BRDA:998,98,1,0
BRDA:998,98,2,0
BRDA:1060,99,0,0
BRDA:1060,99,1,0
BRDA:1065,100,0,0
BRDA:1065,100,1,0
BRDA:1077,101,0,0
BRDA:1077,101,1,0
BRDA:1085,102,0,0
BRDA:1085,102,1,0
BRDA:1093,103,0,0
BRDA:1093,103,1,0
BRDA:1101,104,0,0
BRDA:1101,104,1,0
BRDA:1171,105,0,0
BRDA:1171,105,1,0
BRDA:1183,106,0,0
BRDA:1183,106,1,0
BRF:229
BRH:0
end_of_record
TN:
SF:src/components/templates/WorkflowTemplates.tsx
FN:50,WorkflowTemplates
FN:60,(anonymous_1)
FN:74,(anonymous_2)
FN:91,(anonymous_3)
FN:94,(anonymous_4)
FN:99,(anonymous_5)
FN:108,(anonymous_6)
FN:113,(anonymous_7)
FN:117,(anonymous_8)
FN:128,(anonymous_9)
FN:189,(anonymous_10)
FN:199,(anonymous_11)
FN:267,(anonymous_12)
FN:288,(anonymous_13)
FN:291,(anonymous_14)
FN:312,(anonymous_15)
FN:344,(anonymous_16)
FN:352,(anonymous_17)
FN:379,(anonymous_18)
FN:426,(anonymous_19)
FN:443,(anonymous_20)
FN:450,(anonymous_21)
FN:463,(anonymous_22)
FNF:23
FNH:0
FNDA:0,WorkflowTemplates
FNDA:0,(anonymous_1)
FNDA:0,(anonymous_2)
FNDA:0,(anonymous_3)
FNDA:0,(anonymous_4)
FNDA:0,(anonymous_5)
FNDA:0,(anonymous_6)
FNDA:0,(anonymous_7)
FNDA:0,(anonymous_8)
FNDA:0,(anonymous_9)
FNDA:0,(anonymous_10)
FNDA:0,(anonymous_11)
FNDA:0,(anonymous_12)
FNDA:0,(anonymous_13)
FNDA:0,(anonymous_14)
FNDA:0,(anonymous_15)
FNDA:0,(anonymous_16)
FNDA:0,(anonymous_17)
FNDA:0,(anonymous_18)
FNDA:0,(anonymous_19)
FNDA:0,(anonymous_20)
FNDA:0,(anonymous_21)
FNDA:0,(anonymous_22)
DA:38,0
DA:51,0
DA:52,0
DA:53,0
DA:54,0
DA:55,0
DA:56,0
DA:57,0
DA:60,0
DA:61,0
DA:62,0
DA:63,0
DA:64,0
DA:65,0
DA:67,0
DA:68,0
DA:74,0
DA:75,0
DA:77,0
DA:78,0
DA:81,0
DA:82,0
DA:85,0
DA:89,0
DA:92,0
DA:93,0
DA:94,0
DA:99,0
DA:100,0
DA:101,0
DA:102,0
DA:103,0
DA:104,0
DA:108,0
DA:109,0
DA:110,0
DA:113,0
DA:114,0
DA:117,0
DA:119,0
DA:123,0
DA:125,0
DA:128,0
DA:129,0
DA:130,0
DA:138,0
DA:139,0
DA:142,0
DA:149,0
DA:151,0
DA:152,0
DA:160,0
DA:189,0
DA:200,0
DA:268,0
DA:289,0
DA:291,0
DA:292,0
DA:313,0
DA:344,0
DA:352,0
DA:380,0
DA:381,0
DA:426,0
DA:443,0
DA:451,0
DA:464,0
LF:67
LH:0
BRDA:62,0,0,0
BRDA:62,0,1,0
BRDA:77,1,0,0
BRDA:77,1,1,0
BRDA:81,2,0,0
BRDA:81,2,1,0
BRDA:93,3,0,0
BRDA:93,3,1,0
BRDA:100,4,0,0
BRDA:100,4,1,0
BRDA:100,4,2,0
BRDA:100,4,3,0
BRDA:138,5,0,0
BRDA:138,5,1,0
BRDA:211,6,0,0
BRDA:211,6,1,0
BRDA:249,7,0,0
BRDA:249,7,1,0
BRDA:261,8,0,0
BRDA:261,8,1,0
BRDA:261,8,2,0
BRDA:261,8,3,0
BRDA:289,9,0,0
BRDA:289,9,1,0
BRDA:322,10,0,0
BRDA:322,10,1,0
BRDA:322,11,0,0
BRDA:322,11,1,0
BRDA:324,12,0,0
BRDA:324,12,1,0
BRDA:331,13,0,0
BRDA:331,13,1,0
BRDA:334,14,0,0
BRDA:334,14,1,0
BRDA:366,15,0,0
BRDA:366,15,1,0
BRDA:366,15,2,0
BRDA:366,15,3,0
BRDA:391,16,0,0
BRDA:391,16,1,0
BRDA:391,16,2,0
BRDA:391,16,3,0
BRDA:448,17,0,0
BRDA:448,17,1,0
BRF:44
BRH:0
end_of_record
TN:
SF:src/components/templates/serviceRegistry.ts
FNF:0
FNH:0
DA:33,0
LF:1
LH:0
BRF:0
BRH:0
end_of_record
TN:
SF:src/components/ui/accordion.tsx
FN:12,(anonymous_0)
FN:24,(anonymous_1)
FN:44,(anonymous_2)
FNF:3
FNH:0
FNDA:0,(anonymous_0)
FNDA:0,(anonymous_1)
FNDA:0,(anonymous_2)
DA:7,0
DA:9,0
DA:13,0
DA:19,0
DA:21,0
DA:25,0
DA:39,0
DA:41,0
DA:45,0
DA:54,0
LF:10
LH:0
BRF:0
BRH:0
end_of_record
TN:
SF:src/components/ui/alert-dialog.tsx
FN:16,(anonymous_0)
FN:31,(anonymous_1)
FN:46,(anonymous_2)
FN:60,(anonymous_3)
FN:77,(anonymous_4)
FN:89,(anonymous_5)
FN:102,(anonymous_6)
FN:114,(anonymous_7)
FNF:8
FNH:0
FNDA:0,(anonymous_0)
FNDA:0,(anonymous_1)
FNDA:0,(anonymous_2)
FNDA:0,(anonymous_3)
FNDA:0,(anonymous_4)
FNDA:0,(anonymous_5)
FNDA:0,(anonymous_6)
FNDA:0,(anonymous_7)
DA:7,0
DA:9,0
DA:11,0
DA:13,0
DA:17,0
DA:26,0
DA:28,0
DA:32,0
DA:44,0
DA:46,0
DA:50,0
DA:58,0
DA:60,0
DA:64,0
DA:72,0
DA:74,0
DA:78,0
DA:84,0
DA:86,0
DA:90,0
DA:96,0
DA:99,0
DA:103,0
DA:109,0
DA:111,0
DA:115,0
DA:125,0
LF:27
LH:0
BRF:0
BRH:0
end_of_record
TN:
SF:src/components/ui/alert.tsx
FN:25,(anonymous_0)
FN:38,(anonymous_1)
FN:50,(anonymous_2)
FNF:3
FNH:0
FNDA:0,(anonymous_0)
FNDA:0,(anonymous_1)
FNDA:0,(anonymous_2)
DA:6,0
DA:22,0
DA:26,0
DA:33,0
DA:35,0
DA:39,0
DA:45,0
DA:47,0
DA:51,0
DA:57,0
LF:10
LH:0
BRF:0
BRH:0
end_of_record
TN:
SF:src/components/ui/aspect-ratio.tsx
FNF:0
FNH:0
DA:3,0
LF:1
LH:0
BRF:0
BRH:0
end_of_record
TN:
SF:src/components/ui/avatar.tsx
FN:11,(anonymous_0)
FN:26,(anonymous_1)
FN:38,(anonymous_2)
FNF:3
FNH:0
FNDA:0,(anonymous_0)
FNDA:0,(anonymous_1)
FNDA:0,(anonymous_2)
DA:8,0
DA:12,0
DA:21,0
DA:23,0
DA:27,0
DA:33,0
DA:35,0
DA:39,0
DA:48,0
LF:9
LH:0
BRF:0
BRH:0
end_of_record
TN:
SF:src/components/ui/badge.tsx
FN:31,Badge
FNF:1
FNH:0
FNDA:0,Badge
DA:5,0
DA:32,0
LF:2
LH:0
BRF:0
BRH:0
end_of_record
TN:
SF:src/components/ui/breadcrumb.tsx
FN:12,(anonymous_0)
FN:18,(anonymous_1)
FN:33,(anonymous_2)
FN:47,(anonymous_3)
FN:63,(anonymous_4)
FN:75,(anonymous_5)
FN:91,(anonymous_6)
FNF:7
FNH:0
FNDA:0,(anonymous_0)
FNDA:0,(anonymous_1)
FNDA:0,(anonymous_2)
FNDA:0,(anonymous_3)
FNDA:0,(anonymous_4)
FNDA:0,(anonymous_5)
FNDA:0,(anonymous_6)
DA:7,0
DA:12,0
DA:13,0
DA:15,0
DA:19,0
DA:28,0
DA:30,0
DA:34,0
DA:40,0
DA:42,0
DA:48,0
DA:50,0
DA:58,0
DA:60,0
DA:64,0
DA:73,0
DA:75,0
DA:80,0
DA:89,0
DA:91,0
DA:95,0
DA:105,0
LF:22
LH:0
BRDA:48,0,0,0
BRDA:48,0,1,0
BRDA:86,1,0,0
BRDA:86,1,1,0
BRF:4
BRH:0
end_of_record
TN:
SF:src/components/ui/button.tsx
FN:43,(anonymous_0)
FNF:1
FNH:1
FNDA:1,(anonymous_0)
DA:7,1
DA:42,1
DA:44,1
DA:45,1
DA:54,1
LF:5
LH:5
BRDA:43,0,0,1
BRDA:44,1,0,0
BRDA:44,1,1,1
BRF:3
BRH:2
end_of_record
TN:
SF:src/components/ui/calendar.tsx
FN:10,Calendar
FN:55,(anonymous_1)
FN:58,(anonymous_2)
FNF:3
FNH:0
FNDA:0,Calendar
FNDA:0,(anonymous_1)
FNDA:0,(anonymous_2)
DA:16,0
DA:56,0
DA:59,0
DA:66,0
LF:4
LH:0
BRDA:13,0,0,0
BRF:1
BRH:0
end_of_record
TN:
SF:src/components/ui/card.tsx
FN:8,(anonymous_0)
FN:23,(anonymous_1)
FN:35,(anonymous_2)
FN:50,(anonymous_3)
FN:62,(anonymous_4)
FN:70,(anonymous_5)
FNF:6
FNH:0
FNDA:0,(anonymous_0)
FNDA:0,(anonymous_1)
FNDA:0,(anonymous_2)
FNDA:0,(anonymous_3)
FNDA:0,(anonymous_4)
FNDA:0,(anonymous_5)
DA:5,0
DA:9,0
DA:18,0
DA:20,0
DA:24,0
DA:30,0
DA:32,0
DA:36,0
DA:45,0
DA:47,0
DA:51,0
DA:57,0
DA:59,0
DA:63,0
DA:65,0
DA:67,0
DA:71,0
DA:77,0
LF:18
LH:0
BRF:0
BRH:0
end_of_record
TN:
SF:src/components/ui/carousel.tsx
FN:33,useCarousel
FN:47,(anonymous_1)
FN:69,(anonymous_2)
FN:78,(anonymous_3)
FN:82,(anonymous_4)
FN:87,(anonymous_5)
FN:99,(anonymous_6)
FN:107,(anonymous_7)
FN:116,(anonymous_8)
FN:154,(anonymous_9)
FN:176,(anonymous_10)
FN:198,(anonymous_11)
FN:227,(anonymous_12)
FNF:13
FNH:0
FNDA:0,useCarousel
FNDA:0,(anonymous_1)
FNDA:0,(anonymous_2)
FNDA:0,(anonymous_3)
FNDA:0,(anonymous_4)
FNDA:0,(anonymous_5)
FNDA:0,(anonymous_6)
FNDA:0,(anonymous_7)
FNDA:0,(anonymous_8)
FNDA:0,(anonymous_9)
FNDA:0,(anonymous_10)
FNDA:0,(anonymous_11)
FNDA:0,(anonymous_12)
DA:31,0
DA:34,0
DA:36,0
DA:37,0
DA:40,0
DA:43,0
DA:59,0
DA:66,0
DA:67,0
DA:69,0
DA:70,0
DA:71,0
DA:74,0
DA:75,0
DA:78,0
DA:79,0
DA:82,0
DA:83,0
DA:86,0
DA:88,0
DA:89,0
DA:90,0
DA:91,0
DA:92,0
DA:93,0
DA:99,0
DA:100,0
DA:101,0
DA:104,0
DA:107,0
DA:108,0
DA:109,0
DA:112,0
DA:113,0
DA:114,0
DA:116,0
DA:117,0
DA:121,0
DA:149,0
DA:151,0
DA:155,0
DA:157,0
DA:171,0
DA:173,0
DA:177,0
DA:179,0
DA:193,0
DA:195,0
DA:199,0
DA:201,0
DA:222,0
DA:224,0
DA:228,0
DA:230,0
DA:251,0
LF:55
LH:0
BRDA:36,0,0,0
BRDA:36,0,1,0
BRDA:49,1,0,0
BRDA:62,2,0,0
BRDA:62,2,1,0
BRDA:70,3,0,0
BRDA:70,3,1,0
BRDA:88,4,0,0
BRDA:88,4,1,0
BRDA:91,5,0,0
BRDA:91,5,1,0
BRDA:100,6,0,0
BRDA:100,6,1,0
BRDA:100,7,0,0
BRDA:100,7,1,0
BRDA:108,8,0,0
BRDA:108,8,1,0
BRDA:128,9,0,0
BRDA:128,9,1,0
BRDA:128,10,0,0
BRDA:128,10,1,0
BRDA:163,11,0,0
BRDA:163,11,1,0
BRDA:186,12,0,0
BRDA:186,12,1,0
BRDA:198,13,0,0
BRDA:198,14,0,0
BRDA:208,15,0,0
BRDA:208,15,1,0
BRDA:227,16,0,0
BRDA:227,17,0,0
BRDA:237,18,0,0
BRDA:237,18,1,0
BRF:33
BRH:0
end_of_record
TN:
SF:src/components/ui/chart.tsx
FN:27,useChart
FN:45,(anonymous_1)
FN:70,(anonymous_2)
FN:72,(anonymous_3)
FN:84,(anonymous_4)
FN:87,(anonymous_5)
FN:116,(anonymous_6)
FN:136,(anonymous_7)
FN:188,(anonymous_8)
FN:269,(anonymous_9)
FN:288,(anonymous_10)
FN:320,getPayloadConfigFromPayload
FNF:12
FNH:0
FNDA:0,useChart
FNDA:0,(anonymous_1)
FNDA:0,(anonymous_2)
FNDA:0,(anonymous_3)
FNDA:0,(anonymous_4)
FNDA:0,(anonymous_5)
FNDA:0,(anonymous_6)
FNDA:0,(anonymous_7)
FNDA:0,(anonymous_8)
FNDA:0,(anonymous_9)
FNDA:0,(anonymous_10)
FNDA:0,getPayloadConfigFromPayload
DA:9,0
DA:25,0
DA:28,0
DA:30,0
DA:31,0
DA:34,0
DA:37,0
DA:46,0
DA:47,0
DA:49,0
DA:68,0
DA:70,0
DA:71,0
DA:72,0
DA:75,0
DA:76,0
DA:79,0
DA:84,0
DA:89,0
DA:91,0
DA:103,0
DA:105,0
DA:134,0
DA:136,0
DA:137,0
DA:138,0
DA:141,0
DA:142,0
DA:143,0
DA:145,0
DA:149,0
DA:150,0
DA:157,0
DA:158,0
DA:161,0
DA:172,0
DA:173,0
DA:176,0
DA:178,0
DA:189,0
DA:190,0
DA:191,0
DA:193,0
DA:257,0
DA:259,0
DA:261,0
DA:273,0
DA:275,0
DA:276,0
DA:279,0
DA:289,0
DA:290,0
DA:292,0
DA:317,0
DA:325,0
DA:326,0
DA:330,0
DA:336,0
DA:338,0
DA:342,0
DA:343,0
DA:348,0
DA:353,0
LF:63
LH:0
BRDA:30,0,0,0
BRDA:30,0,1,0
BRDA:47,1,0,0
BRDA:47,1,1,0
BRDA:72,2,0,0
BRDA:72,2,1,0
BRDA:75,3,0,0
BRDA:75,3,1,0
BRDA:89,4,0,0
BRDA:89,4,1,0
BRDA:91,5,0,0
BRDA:91,5,1,0
BRDA:121,6,0,0
BRDA:122,7,0,0
BRDA:123,8,0,0
BRDA:137,9,0,0
BRDA:137,9,1,0
BRDA:137,10,0,0
BRDA:137,10,1,0
BRDA:142,11,0,0
BRDA:142,11,1,0
BRDA:142,11,2,0
BRDA:142,11,3,0
BRDA:145,12,0,0
BRDA:145,12,1,0
BRDA:145,13,0,0
BRDA:145,13,1,0
BRDA:146,14,0,0
BRDA:146,14,1,0
BRDA:149,15,0,0
BRDA:149,15,1,0
BRDA:157,16,0,0
BRDA:157,16,1,0
BRDA:172,17,0,0
BRDA:172,17,1,0
BRDA:172,18,0,0
BRDA:172,18,1,0
BRDA:176,19,0,0
BRDA:176,19,1,0
BRDA:186,20,0,0
BRDA:186,20,1,0
BRDA:189,21,0,0
BRDA:189,21,1,0
BRDA:189,21,2,0
BRDA:189,21,3,0
BRDA:191,22,0,0
BRDA:191,22,1,0
BRDA:191,22,2,0
BRDA:198,23,0,0
BRDA:198,23,1,0
BRDA:201,24,0,0
BRDA:201,24,1,0
BRDA:201,25,0,0
BRDA:201,25,1,0
BRDA:201,25,2,0
BRDA:205,26,0,0
BRDA:205,26,1,0
BRDA:208,27,0,0
BRDA:208,27,1,0
BRDA:217,28,0,0
BRDA:217,28,1,0
BRDA:232,29,0,0
BRDA:232,29,1,0
BRDA:236,30,0,0
BRDA:236,30,1,0
BRDA:238,31,0,0
BRDA:238,31,1,0
BRDA:241,32,0,0
BRDA:241,32,1,0
BRDA:270,33,0,0
BRDA:270,34,0,0
BRDA:275,35,0,0
BRDA:275,35,1,0
BRDA:284,36,0,0
BRDA:284,36,1,0
BRDA:289,37,0,0
BRDA:289,37,1,0
BRDA:289,37,2,0
BRDA:299,38,0,0
BRDA:299,38,1,0
BRDA:299,39,0,0
BRDA:299,39,1,0
BRDA:325,40,0,0
BRDA:325,40,1,0
BRDA:325,41,0,0
BRDA:325,41,1,0
BRDA:330,42,0,0
BRDA:330,42,1,0
BRDA:330,43,0,0
BRDA:330,43,1,0
BRDA:330,43,2,0
BRDA:338,44,0,0
BRDA:338,44,1,0
BRDA:339,45,0,0
BRDA:339,45,1,0
BRDA:343,46,0,0
BRDA:343,46,1,0
BRDA:344,47,0,0
BRDA:344,47,1,0
BRDA:344,47,2,0
BRDA:353,48,0,0
BRDA:353,48,1,0
BRF:102
BRH:0
end_of_record
TN:
SF:src/components/ui/checkbox.tsx
FN:10,(anonymous_0)
FNF:1
FNH:0
FNDA:0,(anonymous_0)
DA:7,0
DA:11,0
DA:26,0
LF:3
LH:0
BRF:0
BRH:0
end_of_record
TN:
SF:src/components/ui/collapsible.tsx
FNF:0
FNH:0
DA:5,0
DA:7,0
DA:9,0
LF:3
LH:0
BRF:0
BRH:0
end_of_record
TN:
SF:src/components/ui/command.tsx
FN:12,(anonymous_0)
FN:24,(anonymous_1)
FN:39,(anonymous_2)
FN:58,(anonymous_3)
FN:71,(anonymous_4)
FN:84,(anonymous_5)
FN:100,(anonymous_6)
FN:112,(anonymous_7)
FN:125,(anonymous_8)
FNF:9
FNH:0
FNDA:0,(anonymous_0)
FNDA:0,(anonymous_1)
FNDA:0,(anonymous_2)
FNDA:0,(anonymous_3)
FNDA:0,(anonymous_4)
FNDA:0,(anonymous_5)
FNDA:0,(anonymous_6)
FNDA:0,(anonymous_7)
FNDA:0,(anonymous_8)
DA:9,0
DA:13,0
DA:22,0
DA:24,0
DA:25,0
DA:36,0
DA:40,0
DA:53,0
DA:55,0
DA:59,0
DA:66,0
DA:68,0
DA:72,0
DA:79,0
DA:81,0
DA:85,0
DA:95,0
DA:97,0
DA:101,0
DA:107,0
DA:109,0
DA:113,0
DA:123,0
DA:125,0
DA:129,0
DA:139,0
LF:26
LH:0
BRF:0
BRH:0
end_of_record
TN:
SF:src/components/ui/context-menu.tsx
FN:24,(anonymous_0)
FN:43,(anonymous_1)
FN:58,(anonymous_2)
FN:77,(anonymous_3)
FN:93,(anonymous_4)
FN:117,(anonymous_5)
FN:141,(anonymous_6)
FN:157,(anonymous_7)
FN:166,(anonymous_8)
FNF:9
FNH:0
FNDA:0,(anonymous_0)
FNDA:0,(anonymous_1)
FNDA:0,(anonymous_2)
FNDA:0,(anonymous_3)
FNDA:0,(anonymous_4)
FNDA:0,(anonymous_5)
FNDA:0,(anonymous_6)
FNDA:0,(anonymous_7)
FNDA:0,(anonymous_8)
DA:7,0
DA:9,0
DA:11,0
DA:13,0
DA:15,0
DA:17,0
DA:19,0
DA:25,0
DA:38,0
DA:40,0
DA:44,0
DA:53,0
DA:55,0
DA:59,0
DA:70,0
DA:72,0
DA:78,0
DA:88,0
DA:90,0
DA:94,0
DA:111,0
DA:114,0
DA:118,0
DA:134,0
DA:136,0
DA:142,0
DA:152,0
DA:154,0
DA:158,0
DA:164,0
DA:166,0
DA:170,0
DA:180,0
LF:33
LH:0
BRDA:29,0,0,0
BRDA:29,0,1,0
BRDA:82,1,0,0
BRDA:82,1,1,0
BRDA:146,2,0,0
BRDA:146,2,1,0
BRF:6
BRH:0
end_of_record
TN:
SF:src/components/ui/dialog.tsx
FN:20,(anonymous_0)
FN:35,(anonymous_1)
FN:56,(anonymous_2)
FN:70,(anonymous_3)
FN:87,(anonymous_4)
FN:102,(anonymous_5)
FNF:6
FNH:0
FNDA:0,(anonymous_0)
FNDA:0,(anonymous_1)
FNDA:0,(anonymous_2)
FNDA:0,(anonymous_3)
FNDA:0,(anonymous_4)
FNDA:0,(anonymous_5)
DA:9,0
DA:11,0
DA:13,0
DA:15,0
DA:17,0
DA:21,0
DA:30,0
DA:32,0
DA:36,0
DA:54,0
DA:56,0
DA:60,0
DA:68,0
DA:70,0
DA:74,0
DA:82,0
DA:84,0
DA:88,0
DA:97,0
DA:99,0
DA:103,0
DA:109,0
LF:22
LH:0
BRF:0
BRH:0
end_of_record
TN:
SF:src/components/ui/drawer.tsx
FN:8,(anonymous_0)
FN:28,(anonymous_1)
FN:40,(anonymous_2)
FN:58,(anonymous_3)
FN:69,(anonymous_4)
FN:83,(anonymous_5)
FN:98,(anonymous_6)
FNF:7
FNH:0
FNDA:0,(anonymous_0)
FNDA:0,(anonymous_1)
FNDA:0,(anonymous_2)
FNDA:0,(anonymous_3)
FNDA:0,(anonymous_4)
FNDA:0,(anonymous_5)
FNDA:0,(anonymous_6)
DA:8,0
DA:12,0
DA:17,0
DA:19,0
DA:21,0
DA:23,0
DA:25,0
DA:29,0
DA:35,0
DA:37,0
DA:41,0
DA:56,0
DA:58,0
DA:62,0
DA:67,0
DA:69,0
DA:73,0
DA:78,0
DA:80,0
DA:84,0
DA:93,0
DA:95,0
DA:99,0
DA:105,0
LF:24
LH:0
BRDA:9,0,0,0
BRF:1
BRH:0
end_of_record
TN:
SF:src/components/ui/dropdown-menu.tsx
FN:24,(anonymous_0)
FN:44,(anonymous_1)
FN:60,(anonymous_2)
FN:80,(anonymous_3)
FN:96,(anonymous_4)
FN:120,(anonymous_5)
FN:144,(anonymous_6)
FN:160,(anonymous_7)
FN:169,(anonymous_8)
FNF:9
FNH:0
FNDA:0,(anonymous_0)
FNDA:0,(anonymous_1)
FNDA:0,(anonymous_2)
FNDA:0,(anonymous_3)
FNDA:0,(anonymous_4)
FNDA:0,(anonymous_5)
FNDA:0,(anonymous_6)
FNDA:0,(anonymous_7)
FNDA:0,(anonymous_8)
DA:7,0
DA:9,0
DA:11,0
DA:13,0
DA:15,0
DA:17,0
DA:19,0
DA:25,0
DA:38,0
DA:41,0
DA:45,0
DA:54,0
DA:57,0
DA:61,0
DA:73,0
DA:75,0
DA:81,0
DA:91,0
DA:93,0
DA:97,0
DA:114,0
DA:117,0
DA:121,0
DA:137,0
DA:139,0
DA:145,0
DA:155,0
DA:157,0
DA:161,0
DA:167,0
DA:169,0
DA:173,0
DA:180,0
LF:33
LH:0
BRDA:29,0,0,0
BRDA:29,0,1,0
BRDA:60,1,0,0
BRDA:85,2,0,0
BRDA:85,2,1,0
BRDA:149,3,0,0
BRDA:149,3,1,0
BRF:7
BRH:0
end_of_record
TN:
SF:src/components/ui/form.tsx
FN:31,(anonymous_0)
FN:44,(anonymous_1)
FN:78,(anonymous_2)
FN:92,(anonymous_3)
FN:109,(anonymous_4)
FN:131,(anonymous_5)
FN:148,(anonymous_6)
FNF:7
FNH:0
FNDA:0,(anonymous_0)
FNDA:0,(anonymous_1)
FNDA:0,(anonymous_2)
FNDA:0,(anonymous_3)
FNDA:0,(anonymous_4)
FNDA:0,(anonymous_5)
FNDA:0,(anonymous_6)
DA:18,0
DA:27,0
DA:31,0
DA:37,0
DA:44,0
DA:45,0
DA:46,0
DA:47,0
DA:49,0
DA:51,0
DA:52,0
DA:55,0
DA:57,0
DA:71,0
DA:75,0
DA:79,0
DA:81,0
DA:87,0
DA:89,0
DA:93,0
DA:95,0
DA:104,0
DA:106,0
DA:110,0
DA:112,0
DA:126,0
DA:128,0
DA:132,0
DA:134,0
DA:143,0
DA:145,0
DA:149,0
DA:150,0
DA:152,0
DA:153,0
DA:156,0
DA:167,0
LF:37
LH:0
BRDA:51,0,0,0
BRDA:51,0,1,0
BRDA:98,1,0,0
BRDA:98,1,1,0
BRDA:117,2,0,0
BRDA:117,2,1,0
BRDA:150,3,0,0
BRDA:150,3,1,0
BRDA:150,4,0,0
BRDA:150,4,1,0
BRDA:152,5,0,0
BRDA:152,5,1,0
BRF:12
BRH:0
end_of_record
TN:
SF:src/components/ui/gradient-background.tsx
FN:8,GradientBackground
FNF:1
FNH:0
FNDA:0,GradientBackground
DA:9,0
LF:1
LH:0
BRDA:8,0,0,0
BRF:1
BRH:0
end_of_record
TN:
SF:src/components/ui/hover-card.tsx
FN:15,(anonymous_0)
FNF:1
FNH:0
FNDA:0,(anonymous_0)
DA:8,0
DA:10,0
DA:12,0
DA:16,0
DA:27,0
LF:5
LH:0
BRDA:15,0,0,0
BRDA:15,1,0,0
BRF:2
BRH:0
end_of_record
TN:
SF:src/components/ui/input-otp.tsx
FN:10,(anonymous_0)
FN:26,(anonymous_1)
FN:34,(anonymous_2)
FN:62,(anonymous_3)
FNF:4
FNH:0
FNDA:0,(anonymous_0)
FNDA:0,(anonymous_1)
FNDA:0,(anonymous_2)
FNDA:0,(anonymous_3)
DA:7,0
DA:11,0
DA:21,0
DA:23,0
DA:27,0
DA:29,0
DA:31,0
DA:35,0
DA:36,0
DA:38,0
DA:57,0
DA:59,0
DA:63,0
DA:67,0
LF:14
LH:0
BRDA:43,0,0,0
BRDA:43,0,1,0
BRDA:49,1,0,0
BRDA:49,1,1,0
BRF:4
BRH:0
end_of_record
TN:
SF:src/components/ui/input.tsx
FN:6,(anonymous_0)
FNF:1
FNH:0
FNDA:0,(anonymous_0)
DA:5,0
DA:7,0
DA:20,0
LF:3
LH:0
BRF:0
BRH:0
end_of_record
TN:
SF:src/components/ui/label.tsx
FN:15,(anonymous_0)
FNF:1
FNH:0
FNDA:0,(anonymous_0)
DA:7,0
DA:11,0
DA:16,0
DA:22,0
LF:4
LH:0
BRF:0
BRH:0
end_of_record
TN:
SF:src/components/ui/menubar.tsx
FN:9,MenubarMenu
FN:15,MenubarGroup
FN:21,MenubarPortal
FN:27,MenubarRadioGroup
FN:33,MenubarSub
FN:42,(anonymous_5)
FN:57,(anonymous_6)
FN:74,(anonymous_7)
FN:93,(anonymous_8)
FN:109,(anonymous_9)
FN:135,(anonymous_10)
FN:151,(anonymous_11)
FN:174,(anonymous_12)
FN:198,(anonymous_13)
FN:214,(anonymous_14)
FN:223,(anonymous_15)
FNF:16
FNH:0
FNDA:0,MenubarMenu
FNDA:0,MenubarGroup
FNDA:0,MenubarPortal
FNDA:0,MenubarRadioGroup
FNDA:0,MenubarSub
FNDA:0,(anonymous_5)
FNDA:0,(anonymous_6)
FNDA:0,(anonymous_7)
FNDA:0,(anonymous_8)
FNDA:0,(anonymous_9)
FNDA:0,(anonymous_10)
FNDA:0,(anonymous_11)
FNDA:0,(anonymous_12)
FNDA:0,(anonymous_13)
FNDA:0,(anonymous_14)
FNDA:0,(anonymous_15)
DA:12,0
DA:18,0
DA:24,0
DA:30,0
DA:36,0
DA:39,0
DA:43,0
DA:52,0
DA:54,0
DA:58,0
DA:67,0
DA:69,0
DA:75,0
DA:88,0
DA:90,0
DA:94,0
DA:103,0
DA:105,0
DA:113,0
DA:128,0
DA:130,0
DA:136,0
DA:146,0
DA:148,0
DA:152,0
DA:169,0
DA:171,0
DA:175,0
DA:191,0
DA:193,0
DA:199,0
DA:209,0
DA:211,0
DA:215,0
DA:221,0
DA:223,0
DA:227,0
DA:237,0
LF:38
LH:0
BRDA:79,0,0,0
BRDA:79,0,1,0
BRDA:110,1,0,0
BRDA:110,2,0,0
BRDA:110,3,0,0
BRDA:140,4,0,0
BRDA:140,4,1,0
BRDA:203,5,0,0
BRDA:203,5,1,0
BRF:9
BRH:0
end_of_record
TN:
SF:src/components/ui/navigation-menu.tsx
FN:11,(anonymous_0)
FN:29,(anonymous_1)
FN:50,(anonymous_2)
FN:68,(anonymous_3)
FN:85,(anonymous_4)
FN:103,(anonymous_5)
FNF:6
FNH:0
FNDA:0,(anonymous_0)
FNDA:0,(anonymous_1)
FNDA:0,(anonymous_2)
FNDA:0,(anonymous_3)
FNDA:0,(anonymous_4)
FNDA:0,(anonymous_5)
DA:8,0
DA:12,0
DA:24,0
DA:26,0
DA:30,0
DA:39,0
DA:41,0
DA:43,0
DA:47,0
DA:51,0
DA:63,0
DA:65,0
DA:69,0
DA:78,0
DA:80,0
DA:82,0
DA:86,0
DA:97,0
DA:100,0
DA:104,0
DA:115,0
LF:21
LH:0
BRF:0
BRH:0
end_of_record
TN:
SF:src/components/ui/pagination.tsx
FN:7,(anonymous_0)
FN:20,(anonymous_1)
FN:32,(anonymous_2)
FN:42,(anonymous_3)
FN:62,(anonymous_4)
FN:78,(anonymous_5)
FN:94,(anonymous_6)
FNF:7
FNH:0
FNDA:0,(anonymous_0)
FNDA:0,(anonymous_1)
FNDA:0,(anonymous_2)
FNDA:0,(anonymous_3)
FNDA:0,(anonymous_4)
FNDA:0,(anonymous_5)
FNDA:0,(anonymous_6)
DA:7,0
DA:8,0
DA:15,0
DA:17,0
DA:21,0
DA:27,0
DA:29,0
DA:33,0
DA:35,0
DA:42,0
DA:48,0
DA:60,0
DA:62,0
DA:66,0
DA:76,0
DA:78,0
DA:82,0
DA:92,0
DA:94,0
DA:98,0
DA:107,0
LF:21
LH:0
BRDA:45,0,0,0
BRDA:49,1,0,0
BRDA:49,1,1,0
BRDA:52,2,0,0
BRDA:52,2,1,0
BRF:5
BRH:0
end_of_record
TN:
SF:src/components/ui/popover.tsx
FN:13,(anonymous_0)
FNF:1
FNH:0
FNDA:0,(anonymous_0)
DA:6,0
DA:8,0
DA:10,0
DA:14,0
DA:27,0
LF:5
LH:0
BRDA:13,0,0,0
BRDA:13,1,0,0
BRF:2
BRH:0
end_of_record
TN:
SF:src/components/ui/progress.tsx
FN:11,(anonymous_0)
FNF:1
FNH:0
FNDA:0,(anonymous_0)
DA:8,0
DA:12,0
DA:26,0
LF:3
LH:0
BRDA:22,0,0,0
BRDA:22,0,1,0
BRF:2
BRH:0
end_of_record
TN:
SF:src/components/ui/radio-group.tsx
FN:10,(anonymous_0)
FN:24,(anonymous_1)
FNF:2
FNH:0
FNDA:0,(anonymous_0)
FNDA:0,(anonymous_1)
DA:7,0
DA:11,0
DA:19,0
DA:21,0
DA:25,0
DA:40,0
LF:6
LH:0
BRF:0
BRH:0
end_of_record
TN:
SF:src/components/ui/resizable.tsx
FN:8,(anonymous_0)
FN:23,(anonymous_1)
FNF:2
FNH:0
FNDA:0,(anonymous_0)
FNDA:0,(anonymous_1)
DA:8,0
DA:12,0
DA:21,0
DA:23,0
DA:30,0
LF:5
LH:0
BRDA:37,0,0,0
BRDA:37,0,1,0
BRF:2
BRH:0
end_of_record
TN:
SF:src/components/ui/scroll-area.tsx
FN:9,(anonymous_0)
FN:27,(anonymous_1)
FNF:2
FNH:0
FNDA:0,(anonymous_0)
FNDA:0,(anonymous_1)
DA:6,0
DA:10,0
DA:22,0
DA:24,0
DA:28,0
DA:44,0
LF:6
LH:0
BRDA:27,0,0,0
BRDA:33,1,0,0
BRDA:33,1,1,0
BRDA:35,2,0,0
BRDA:35,2,1,0
BRF:5
BRH:0
end_of_record
TN:
SF:src/components/ui/select.tsx
FN:18,(anonymous_0)
FN:38,(anonymous_1)
FN:55,(anonymous_2)
FN:73,(anonymous_3)
FN:105,(anonymous_4)
FN:117,(anonymous_5)
FN:140,(anonymous_6)
FNF:7
FNH:0
FNDA:0,(anonymous_0)
FNDA:0,(anonymous_1)
FNDA:0,(anonymous_2)
FNDA:0,(anonymous_3)
FNDA:0,(anonymous_4)
FNDA:0,(anonymous_5)
FNDA:0,(anonymous_6)
DA:9,0
DA:11,0
DA:13,0
DA:15,0
DA:19,0
DA:33,0
DA:35,0
DA:39,0
DA:50,0
DA:52,0
DA:56,0
DA:67,0
DA:70,0
DA:74,0
DA:100,0
DA:102,0
DA:106,0
DA:112,0
DA:114,0
DA:118,0
DA:135,0
DA:137,0
DA:141,0
DA:147,0
LF:24
LH:0
BRDA:73,0,0,0
BRDA:79,1,0,0
BRDA:79,1,1,0
BRDA:90,2,0,0
BRDA:90,2,1,0
BRF:5
BRH:0
end_of_record
TN:
SF:src/components/ui/separator.tsx
FN:10,(anonymous_0)
FNF:1
FNH:0
FNDA:0,(anonymous_0)
DA:6,0
DA:14,0
DA:27,0
LF:3
LH:0
BRDA:11,0,0,0
BRDA:11,1,0,0
BRDA:20,2,0,0
BRDA:20,2,1,0
BRF:4
BRH:0
end_of_record
TN:
SF:src/components/ui/sheet.tsx
FN:21,(anonymous_0)
FN:59,(anonymous_1)
FN:77,(anonymous_2)
FN:91,(anonymous_3)
FN:108,(anonymous_4)
FN:120,(anonymous_5)
FNF:6
FNH:0
FNDA:0,(anonymous_0)
FNDA:0,(anonymous_1)
FNDA:0,(anonymous_2)
FNDA:0,(anonymous_3)
FNDA:0,(anonymous_4)
FNDA:0,(anonymous_5)
DA:10,0
DA:12,0
DA:14,0
DA:16,0
DA:18,0
DA:22,0
DA:31,0
DA:33,0
DA:56,0
DA:60,0
DA:75,0
DA:77,0
DA:81,0
DA:89,0
DA:91,0
DA:95,0
DA:103,0
DA:105,0
DA:109,0
DA:115,0
DA:117,0
DA:121,0
DA:127,0
LF:23
LH:0
BRDA:59,0,0,0
BRF:1
BRH:0
end_of_record
TN:
SF:src/components/ui/sidebar.tsx
FN:45,useSidebar
FN:62,(anonymous_1)
FN:82,(anonymous_2)
FN:97,(anonymous_3)
FN:99,(anonymous_4)
[...]
BRDA:136,11,0,0
BRDA:136,11,1,0
BRDA:143,12,0,0
BRDA:143,12,1,0
BRDA:149,13,0,0
BRDA:149,13,1,0
BRDA:151,14,0,0
BRDA:151,14,1,0
BRDA:162,15,0,0
BRDA:162,15,1,0
BRDA:189,16,0,0
BRDA:189,16,1,0
BRDA:189,17,0,0
BRDA:189,17,1,0
BRDA:196,18,0,0
BRDA:196,18,1,0
BRDA:198,19,0,0
BRDA:198,19,1,0
BRDA:207,20,0,0
BRDA:207,20,1,0
BRDA:214,21,0,0
BRDA:214,21,1,0
BRDA:253,22,0,0
BRDA:253,22,1,0
BRDA:260,23,0,0
BRDA:260,23,1,0
BRDA:263,24,0,0
BRDA:263,24,1,0
BRDA:269,25,0,0
BRDA:269,25,1,0
BRDA:270,26,0,0
BRDA:270,26,1,0
BRDA:277,27,0,0
BRDA:277,27,1,0
BRDA:281,28,0,0
BRDA:281,28,1,0
BRDA:281,29,0,0
BRDA:281,29,1,0
BRDA:284,30,0,0
BRDA:284,30,1,0
BRDA:284,30,2,0
BRDA:284,30,3,0
BRDA:300,31,0,0
BRDA:300,31,1,0
BRDA:311,32,0,0
BRDA:311,32,1,0
BRDA:328,33,0,0
BRDA:328,33,1,0
BRDA:334,34,0,0
BRDA:334,34,1,0
BRDA:340,35,0,0
BRDA:340,35,1,0
BRDA:343,36,0,0
BRDA:343,36,1,0
BRDA:343,37,0,0
BRDA:343,37,1,0
BRDA:389,38,0,0
BRDA:389,38,1,0
BRDA:396,39,0,0
BRDA:396,39,1,0
BRDA:399,40,0,0
BRDA:399,40,1,0
BRDA:399,41,0,0
BRDA:399,41,1,0
BRDA:430,42,0,0
BRDA:430,42,1,0
BRDA:445,43,0,0
BRDA:445,43,1,0
BRF:90
BRH:0
end_of_record
TN:
SF:src/pages/template-detail-page.tsx
FN:10,(anonymous_0)
FN:22,(anonymous_1)
FN:34,(anonymous_2)
FN:39,(anonymous_3)
FN:52,(anonymous_4)
FN:61,(anonymous_5)
FN:65,(anonymous_6)
FNF:7
FNH:0
FNDA:0,(anonymous_0)
FNDA:0,(anonymous_1)
FNDA:0,(anonymous_2)
FNDA:0,(anonymous_3)
FNDA:0,(anonymous_4)
FNDA:0,(anonymous_5)
FNDA:0,(anonymous_6)
DA:10,0
DA:11,0
DA:12,0
DA:13,0
DA:14,0
DA:20,0
DA:23,0
DA:24,0
DA:25,0
DA:26,0
DA:28,0
DA:33,0
DA:35,0
DA:40,0
DA:47,0
DA:50,0
DA:53,0
DA:61,0
DA:62,0
DA:65,0
DA:66,0
DA:69,0
DA:70,0
DA:77,0
DA:78,0
DA:89,0
LF:26
LH:0
BRDA:14,0,0,0
BRDA:14,0,1,0
BRDA:23,1,0,0
BRDA:23,1,1,0
BRDA:25,2,0,0
BRDA:25,2,1,0
BRDA:69,3,0,0
BRDA:69,3,1,0
BRDA:77,4,0,0
BRDA:77,4,1,0
BRDA:77,5,0,0
BRDA:77,5,1,0
BRDA:107,6,0,0
BRDA:107,6,1,0
BRF:14
BRH:0
end_of_record
TN:
SF:src/pages/template-setup-page.tsx
FN:4,TemplateSetupPage
FNF:1
FNH:0
FNDA:0,TemplateSetupPage
DA:6,0
DA:7,0
DA:9,0
LF:3
LH:0
BRDA:12,0,0,0
BRDA:12,0,1,0
BRF:2
BRH:0
end_of_record
TN:
SF:src/pages/templates-page.tsx
FN:3,TemplatesPage
FNF:1
FNH:0
FNDA:0,TemplatesPage
DA:4,0
LF:1
LH:0
BRF:0
BRH:0
end_of_record
TN:
SF:src/pages/workflow-animation-card.tsx
FN:25,WorkflowAnimationCard
FN:81,(anonymous_1)
FN:89,(anonymous_2)
FN:97,(anonymous_3)
FN:105,(anonymous_4)
FN:129,QuickActionCard
FNF:6
FNH:0
FNDA:0,WorkflowAnimationCard
FNDA:0,(anonymous_1)
FNDA:0,(anonymous_2)
FNDA:0,(anonymous_3)
FNDA:0,(anonymous_4)
FNDA:0,QuickActionCard
DA:36,0
DA:38,0
DA:81,0
DA:89,0
DA:97,0
DA:105,0
DA:144,0
LF:7
LH:0
BRDA:27,0,0,0
BRDA:28,1,0,0
BRDA:29,2,0,0
BRDA:44,3,0,0
BRDA:44,3,1,0
BRDA:45,4,0,0
BRDA:45,4,1,0
BRDA:58,5,0,0
BRDA:58,5,1,0
BRDA:64,6,0,0
BRDA:64,6,1,0
BRDA:76,7,0,0
BRDA:76,7,1,0
BRDA:76,7,2,0
BRDA:113,8,0,0
BRDA:113,8,1,0
BRDA:113,8,2,0
BRDA:135,9,0,0
BRF:18
BRH:0
end_of_record
TN:
SF:src/pages/workflow-animations-demo.tsx
FN:30,WorkflowAnimationsDemo
FN:100,(anonymous_1)
FN:139,(anonymous_2)
FN:142,(anonymous_3)
FN:145,(anonymous_4)
FN:148,(anonymous_5)
FN:151,(anonymous_6)
FN:154,(anonymous_7)
FN:157,(anonymous_8)
FN:186,(anonymous_9)
FN:190,(anonymous_10)
FN:221,(anonymous_11)
FN:224,(anonymous_12)
FN:227,(anonymous_13)
FN:230,(anonymous_14)
FN:233,(anonymous_15)
FN:236,(anonymous_16)
FN:316,(anonymous_17)
FN:318,(anonymous_18)
FN:325,(anonymous_19)
FN:327,(anonymous_20)
FN:334,(anonymous_21)
FN:336,(anonymous_22)
FN:343,(anonymous_23)
FN:345,(anonymous_24)
FN:352,(anonymous_25)
FN:354,(anonymous_26)
FN:366,(anonymous_27)
FN:368,(anonymous_28)
FN:375,(anonymous_29)
FN:377,(anonymous_30)
FN:384,(anonymous_31)
FN:386,(anonymous_32)
FN:393,(anonymous_33)
FN:395,(anonymous_34)
FN:402,(anonymous_35)
FN:404,(anonymous_36)
FNF:37
FNH:0
FNDA:0,WorkflowAnimationsDemo
FNDA:0,(anonymous_1)
FNDA:0,(anonymous_2)
FNDA:0,(anonymous_3)
FNDA:0,(anonymous_4)
FNDA:0,(anonymous_5)
FNDA:0,(anonymous_6)
FNDA:0,(anonymous_7)
FNDA:0,(anonymous_8)
FNDA:0,(anonymous_9)
FNDA:0,(anonymous_10)
FNDA:0,(anonymous_11)
FNDA:0,(anonymous_12)
FNDA:0,(anonymous_13)
FNDA:0,(anonymous_14)
FNDA:0,(anonymous_15)
FNDA:0,(anonymous_16)
FNDA:0,(anonymous_17)
FNDA:0,(anonymous_18)
FNDA:0,(anonymous_19)
FNDA:0,(anonymous_20)
FNDA:0,(anonymous_21)
FNDA:0,(anonymous_22)
FNDA:0,(anonymous_23)
FNDA:0,(anonymous_24)
FNDA:0,(anonymous_25)
FNDA:0,(anonymous_26)
FNDA:0,(anonymous_27)
FNDA:0,(anonymous_28)
FNDA:0,(anonymous_29)
FNDA:0,(anonymous_30)
FNDA:0,(anonymous_31)
FNDA:0,(anonymous_32)
FNDA:0,(anonymous_33)
FNDA:0,(anonymous_34)
FNDA:0,(anonymous_35)
FNDA:0,(anonymous_36)
DA:31,0
DA:32,0
DA:35,0
DA:47,0
DA:48,0
DA:51,0
DA:59,0
DA:101,0
DA:139,0
DA:142,0
DA:145,0
DA:148,0
DA:151,0
DA:154,0
DA:157,0
DA:186,0
DA:190,0
DA:221,0
DA:224,0
DA:227,0
DA:230,0
DA:233,0
DA:236,0
DA:317,0
DA:318,0
DA:326,0
DA:327,0
DA:335,0
DA:336,0
DA:344,0
DA:345,0
DA:353,0
DA:354,0
DA:367,0
DA:368,0
DA:376,0
DA:377,0
DA:385,0
DA:386,0
DA:394,0
DA:395,0
DA:403,0
DA:404,0
LF:43
LH:0
BRDA:133,0,0,0
BRDA:133,0,1,0
BRF:2
BRH:0
end_of_record
TN:
SF:src/pages/workflow-builder.tsx
FN:25,WorkflowBuilder
FN:56,(anonymous_1)
FN:67,(anonymous_2)
FN:73,(anonymous_3)
FN:74,(anonymous_4)
FN:75,(anonymous_5)
FN:81,(anonymous_6)
FN:169,(anonymous_7)
FN:350,(anonymous_8)
FN:356,(anonymous_9)
FN:362,(anonymous_10)
FN:368,(anonymous_11)
FN:374,(anonymous_12)
FN:391,(anonymous_13)
FN:410,(anonymous_14)
FNF:15
FNH:0
FNDA:0,WorkflowBuilder
FNDA:0,(anonymous_1)
FNDA:0,(anonymous_2)
FNDA:0,(anonymous_3)
FNDA:0,(anonymous_4)
FNDA:0,(anonymous_5)
FNDA:0,(anonymous_6)
FNDA:0,(anonymous_7)
FNDA:0,(anonymous_8)
FNDA:0,(anonymous_9)
FNDA:0,(anonymous_10)
FNDA:0,(anonymous_11)
FNDA:0,(anonymous_12)
FNDA:0,(anonymous_13)
FNDA:0,(anonymous_14)
DA:26,0
DA:27,0
DA:28,0
DA:29,0
DA:54,0
DA:56,0
DA:57,0
DA:59,0
DA:60,0
DA:62,0
DA:67,0
DA:68,0
DA:69,0
DA:73,0
DA:74,0
DA:75,0
DA:76,0
DA:79,0
DA:81,0
DA:82,0
DA:84,0
DA:160,0
DA:169,0
DA:224,0
DA:239,0
DA:245,0
DA:299,0
DA:303,0
DA:350,0
DA:356,0
DA:362,0
DA:368,0
DA:374,0
DA:392,0
DA:393,0
DA:414,0
DA:422,0
LF:37
LH:0
BRDA:68,0,0,0
BRDA:68,0,1,0
BRDA:82,1,0,0
BRDA:82,1,1,0
BRDA:82,1,2,0
BRDA:82,1,3,0
BRDA:82,1,4,0
BRDA:82,1,5,0
BRDA:315,2,0,0
BRDA:315,2,1,0
BRDA:343,3,0,0
BRDA:343,3,1,0
BRDA:349,4,0,0
BRDA:349,4,1,0
BRDA:355,5,0,0
BRDA:355,5,1,0
BRDA:361,6,0,0
BRDA:361,6,1,0
BRDA:367,7,0,0
BRDA:367,7,1,0
BRDA:373,8,0,0
BRDA:373,8,1,0
BRF:22
BRH:0
end_of_record
TN:
SF:src/pages/workflow-monitoring.tsx
FN:17,(anonymous_0)
FN:26,(anonymous_1)
FN:32,(anonymous_2)
FN:38,(anonymous_3)
FN:39,(anonymous_4)
FN:46,(anonymous_5)
FN:47,(anonymous_6)
FN:51,(anonymous_7)
FN:52,(anonymous_8)
FN:56,(anonymous_9)
FN:61,(anonymous_10)
FN:68,(anonymous_11)
FN:74,(anonymous_12)
FN:174,(anonymous_13)
FN:209,(anonymous_14)
FNF:15
FNH:0
FNDA:0,(anonymous_0)
FNDA:0,(anonymous_1)
FNDA:0,(anonymous_2)
FNDA:0,(anonymous_3)
FNDA:0,(anonymous_4)
FNDA:0,(anonymous_5)
FNDA:0,(anonymous_6)
FNDA:0,(anonymous_7)
FNDA:0,(anonymous_8)
FNDA:0,(anonymous_9)
FNDA:0,(anonymous_10)
FNDA:0,(anonymous_11)
FNDA:0,(anonymous_12)
FNDA:0,(anonymous_13)
FNDA:0,(anonymous_14)
DA:17,0
DA:18,0
DA:19,0
DA:20,0
DA:21,0
DA:23,0
DA:26,0
DA:27,0
DA:28,0
DA:31,0
DA:32,0
DA:33,0
DA:38,0
DA:39,0
DA:46,0
DA:47,0
DA:51,0
DA:52,0
DA:56,0
DA:57,0
DA:61,0
DA:62,0
DA:63,0
DA:64,0
DA:68,0
DA:69,0
DA:70,0
DA:73,0
DA:74,0
DA:75,0
DA:79,0
DA:175,0
DA:210,0
LF:33
LH:0
BRDA:167,0,0,0
BRDA:167,0,1,0
BRDA:178,1,0,0
BRDA:178,1,1,0
BRDA:184,2,0,0
BRDA:184,2,1,0
BRDA:184,2,2,0
BRDA:202,3,0,0
BRDA:202,3,1,0
BRDA:213,4,0,0
BRDA:213,4,1,0
BRDA:214,5,0,0
BRDA:214,5,1,0
BRDA:215,6,0,0
BRDA:215,6,1,0
BRF:15
BRH:0
end_of_record
TN:
SF:src/pages/workflow-optimizer-page.tsx
FN:84,(anonymous_0)
FN:88,(anonymous_1)
FN:112,(anonymous_2)
FNF:3
FNH:0
FNDA:0,(anonymous_0)
FNDA:0,(anonymous_1)
FNDA:0,(anonymous_2)
DA:9,0
DA:63,0
DA:84,0
DA:85,0
DA:86,0
DA:88,0
DA:89,0
DA:90,0
DA:91,0
DA:94,0
DA:113,0
LF:11
LH:0
BRDA:116,0,0,0
BRDA:116,0,1,0
BRF:2
BRH:0
end_of_record
TN:
SF:src/pages/auth/callback.tsx
FN:12,OAuthCallback
FN:16,(anonymous_1)
FNF:2
FNH:0
FNDA:0,OAuthCallback
FNDA:0,(anonymous_1)
DA:13,0
DA:14,0
DA:16,0
DA:18,0
DA:19,0
DA:20,0
DA:22,0
DA:23,0
DA:28,0
DA:29,0
DA:32,0
DA:34,0
DA:36,0
DA:43,0
DA:45,0
DA:50,0
DA:54,0
LF:17
LH:0
BRDA:22,0,0,0
BRDA:22,0,1,0
BRDA:32,1,0,0
BRDA:32,1,1,0
BRF:4
BRH:0
end_of_record
TN:
SF:src/services/messagingService.ts
FN:50,(anonymous_0)
FN:60,(anonymous_1)
FN:70,(anonymous_2)
FN:81,(anonymous_3)
FN:92,(anonymous_4)
FN:103,(anonymous_5)
FN:115,(anonymous_6)
FN:125,(anonymous_7)
FN:135,(anonymous_8)
FN:146,(anonymous_9)
FN:157,(anonymous_10)
FN:167,(anonymous_11)
FN:181,(anonymous_12)
FNF:13
FNH:0
FNDA:0,(anonymous_0)
FNDA:0,(anonymous_1)
FNDA:0,(anonymous_2)
FNDA:0,(anonymous_3)
FNDA:0,(anonymous_4)
FNDA:0,(anonymous_5)
FNDA:0,(anonymous_6)
FNDA:0,(anonymous_7)
FNDA:0,(anonymous_8)
FNDA:0,(anonymous_9)
FNDA:0,(anonymous_10)
FNDA:0,(anonymous_11)
FNDA:0,(anonymous_12)
DA:4,0
DA:51,0
DA:52,0
DA:53,0
DA:55,0
DA:56,0
DA:61,0
DA:62,0
DA:63,0
DA:65,0
DA:66,0
DA:71,0
DA:72,0
DA:73,0
DA:74,0
DA:76,0
DA:77,0
DA:82,0
DA:83,0
DA:84,0
DA:85,0
DA:87,0
DA:88,0
DA:93,0
DA:94,0
DA:95,0
DA:96,0
DA:98,0
DA:99,0
DA:104,0
DA:105,0
DA:106,0
DA:107,0
DA:109,0
DA:110,0
DA:116,0
DA:117,0
DA:118,0
DA:120,0
DA:121,0
DA:126,0
DA:127,0
DA:128,0
DA:130,0
DA:131,0
DA:136,0
DA:137,0
DA:138,0
DA:139,0
DA:141,0
DA:142,0
DA:147,0
DA:148,0
DA:149,0
DA:151,0
DA:152,0
DA:158,0
DA:159,0
DA:160,0
DA:162,0
DA:163,0
DA:168,0
DA:169,0
DA:173,0
DA:174,0
DA:176,0
DA:177,0
DA:182,0
DA:183,0
DA:184,0
DA:188,0
LF:71
LH:0
BRDA:182,0,0,0
BRDA:182,0,1,0
BRF:2
BRH:0
end_of_record
TN:
SF:src/store/useWorkflowStore.ts
FN:15,(anonymous_0)
FN:141,(anonymous_1)
FN:160,(anonymous_2)
FN:188,(anonymous_3)
FN:196,(anonymous_4)
FN:222,(anonymous_5)
FN:223,(anonymous_6)
FN:234,(anonymous_7)
FN:235,(anonymous_8)
FN:236,(anonymous_9)
FN:238,(anonymous_10)
FN:243,(anonymous_11)
FN:244,(anonymous_12)
FN:247,(anonymous_13)
FN:252,(anonymous_14)
FN:254,(anonymous_15)
FN:268,(anonymous_16)
FN:269,(anonymous_17)
FN:272,(anonymous_18)
FN:277,(anonymous_19)
FN:287,(anonymous_20)
FN:299,(anonymous_21)
FN:301,(anonymous_22)
FN:302,(anonymous_23)
FN:340,(anonymous_24)
FN:363,(anonymous_25)
FN:371,(anonymous_26)
FN:375,(anonymous_27)
FN:379,(anonymous_28)
FN:390,(anonymous_29)
FN:392,(anonymous_30)
FN:502,(anonymous_31)
FN:513,(anonymous_32)
FN:539,(anonymous_33)
FN:540,(anonymous_34)
FN:548,(anonymous_35)
FN:555,(anonymous_36)
FN:568,(anonymous_37)
FN:587,(anonymous_38)
FN:596,(anonymous_39)
FN:607,(anonymous_40)
FN:611,(anonymous_41)
FN:615,(anonymous_42)
FN:616,(anonymous_43)
FN:617,(anonymous_44)
FN:618,(anonymous_45)
FN:619,(anonymous_46)
FN:620,(anonymous_47)
FN:621,(anonymous_48)
FN:622,(anonymous_49)
FN:623,(anonymous_50)
FN:624,(anonymous_51)
FN:626,(anonymous_52)
FN:690,(anonymous_53)
FN:695,(anonymous_54)
FN:709,(anonymous_55)
FN:711,(anonymous_56)
FN:729,(anonymous_57)
FN:748,(anonymous_58)
FN:749,(anonymous_59)
FN:754,(anonymous_60)
FN:762,(anonymous_61)
FN:766,(anonymous_62)
FN:767,(anonymous_63)
FN:778,(anonymous_64)
FN:779,(anonymous_65)
FN:796,(anonymous_66)
FN:799,(anonymous_67)
FN:806,(anonymous_68)
FN:814,(anonymous_69)
FN:815,(anonymous_70)
FN:818,(anonymous_71)
FN:819,(anonymous_72)
FN:835,(anonymous_73)
FN:836,(anonymous_74)
FN:866,(anonymous_75)
FN:872,(anonymous_76)
FN:877,(anonymous_77)
FN:881,(anonymous_78)
FN:885,(anonymous_79)
FN:886,(anonymous_80)
FN:899,(anonymous_81)
FN:900,(anonymous_82)
FN:901,(anonymous_83)
FN:922,(anonymous_84)
FN:923,(anonymous_85)
FN:924,(anonymous_86)
FN:937,(anonymous_87)
FN:938,(anonymous_88)
FN:939,(anonymous_89)
FN:965,(anonymous_90)
FNF:91
FNH:0
FNDA:0,(anonymous_0)
FNDA:0,(anonymous_1)
FNDA:0,(anonymous_2)
FNDA:0,(anonymous_3)
FNDA:0,(anonymous_4)
FNDA:0,(anonymous_5)
FNDA:0,(anonymous_6)
FNDA:0,(anonymous_7)
FNDA:0,(anonymous_8)
FNDA:0,(anonymous_9)
FNDA:0,(anonymous_10)
FNDA:0,(anonymous_11)
FNDA:0,(anonymous_12)
FNDA:0,(anonymous_13)
FNDA:0,(anonymous_14)
FNDA:0,(anonymous_15)
FNDA:0,(anonymous_16)
FNDA:0,(anonymous_17)
FNDA:0,(anonymous_18)
FNDA:0,(anonymous_19)
FNDA:0,(anonymous_20)
FNDA:0,(anonymous_21)
FNDA:0,(anonymous_22)
FNDA:0,(anonymous_23)
FNDA:0,(anonymous_24)
FNDA:0,(anonymous_25)
FNDA:0,(anonymous_26)
FNDA:0,(anonymous_27)
FNDA:0,(anonymous_28)
FNDA:0,(anonymous_29)
FNDA:0,(anonymous_30)
FNDA:0,(anonymous_31)
FNDA:0,(anonymous_32)
FNDA:0,(anonymous_33)
FNDA:0,(anonymous_34)
FNDA:0,(anonymous_35)
FNDA:0,(anonymous_36)
FNDA:0,(anonymous_37)
FNDA:0,(anonymous_38)
FNDA:0,(anonymous_39)
FNDA:0,(anonymous_40)
FNDA:0,(anonymous_41)
FNDA:0,(anonymous_42)
FNDA:0,(anonymous_43)
FNDA:0,(anonymous_44)
FNDA:0,(anonymous_45)
FNDA:0,(anonymous_46)
FNDA:0,(anonymous_47)
FNDA:0,(anonymous_48)
FNDA:0,(anonymous_49)
FNDA:0,(anonymous_50)
FNDA:0,(anonymous_51)
FNDA:0,(anonymous_52)
FNDA:0,(anonymous_53)
FNDA:0,(anonymous_54)
FNDA:0,(anonymous_55)
FNDA:0,(anonymous_56)
FNDA:0,(anonymous_57)
FNDA:0,(anonymous_58)
FNDA:0,(anonymous_59)
FNDA:0,(anonymous_60)
FNDA:0,(anonymous_61)
FNDA:0,(anonymous_62)
FNDA:0,(anonymous_63)
FNDA:0,(anonymous_64)
FNDA:0,(anonymous_65)
FNDA:0,(anonymous_66)
FNDA:0,(anonymous_67)
FNDA:0,(anonymous_68)
FNDA:0,(anonymous_69)
FNDA:0,(anonymous_70)
FNDA:0,(anonymous_71)
FNDA:0,(anonymous_72)
FNDA:0,(anonymous_73)
FNDA:0,(anonymous_74)
FNDA:0,(anonymous_75)
FNDA:0,(anonymous_76)
FNDA:0,(anonymous_77)
FNDA:0,(anonymous_78)
FNDA:0,(anonymous_79)
FNDA:0,(anonymous_80)
FNDA:0,(anonymous_81)
FNDA:0,(anonymous_82)
FNDA:0,(anonymous_83)
FNDA:0,(anonymous_84)
FNDA:0,(anonymous_85)
FNDA:0,(anonymous_86)
FNDA:0,(anonymous_87)
FNDA:0,(anonymous_88)
FNDA:0,(anonymous_89)
FNDA:0,(anonymous_90)
DA:15,0
DA:16,0
DA:17,0
DA:18,0
DA:19,0
DA:22,0
DA:24,0
DA:141,0
DA:161,0
DA:163,0
DA:164,0
DA:165,0
DA:166,0
DA:167,0
DA:184,0
DA:188,0
DA:192,0
DA:197,0
DA:199,0
DA:200,0
DA:201,0
DA:202,0
DA:203,0
DA:222,0
DA:224,0
DA:230,0
DA:235,0
DA:236,0
DA:238,0
DA:244,0
DA:245,0
DA:247,0
DA:248,0
DA:250,0
DA:252,0
DA:254,0
DA:255,0
DA:260,0
DA:264,0
DA:269,0
DA:270,0
DA:272,0
DA:273,0
DA:275,0
DA:277,0
DA:279,0
DA:283,0
DA:289,0
DA:292,0
DA:295,0
DA:299,0
DA:300,0
DA:301,0
DA:302,0
DA:305,0
DA:307,0
DA:309,0
DA:319,0
DA:329,0
DA:331,0
DA:340,0
DA:341,0
DA:344,0
DA:347,0
DA:353,0
DA:363,0
DA:364,0
DA:367,0
DA:372,0
DA:376,0
DA:380,0
DA:392,0
DA:393,0
DA:394,0
DA:397,0
DA:398,0
DA:402,0
DA:403,0
DA:404,0
DA:406,0
DA:407,0
DA:412,0
DA:414,0
DA:415,0
DA:418,0
DA:419,0
DA:421,0
DA:422,0
DA:426,0
DA:437,0
DA:446,0
DA:448,0
DA:450,0
DA:451,0
DA:454,0
DA:459,0
DA:461,0
DA:462,0
DA:464,0
DA:469,0
DA:473,0
DA:474,0
DA:477,0
DA:478,0
DA:481,0
DA:483,0
DA:484,0
DA:487,0
DA:488,0
DA:492,0
DA:495,0
DA:499,0
DA:502,0
DA:503,0
DA:506,0
DA:507,0
DA:508,0
DA:514,0
DA:516,0
DA:520,0
DA:525,0
DA:537,0
DA:538,0
DA:539,0
DA:541,0
DA:544,0
DA:545,0
DA:548,0
DA:549,0
DA:555,0
DA:556,0
DA:557,0
DA:568,0
DA:569,0
DA:570,0
DA:582,0
DA:588,0
DA:592,0
DA:597,0
DA:608,0
DA:612,0
DA:615,0
DA:616,0
DA:617,0
DA:618,0
DA:619,0
DA:620,0
DA:621,0
DA:622,0
DA:623,0
DA:624,0
DA:628,0
DA:631,0
DA:670,0
DA:683,0
DA:691,0
DA:692,0
DA:694,0
DA:695,0
DA:711,0
DA:721,0
DA:730,0
DA:744,0
DA:745,0
DA:749,0
DA:755,0
DA:763,0
DA:766,0
DA:767,0
DA:769,0
DA:772,0
DA:773,0
DA:777,0
DA:778,0
DA:779,0
DA:781,0
DA:782,0
DA:783,0
DA:786,0
DA:793,0
DA:797,0
DA:799,0
DA:800,0
DA:801,0
DA:802,0
DA:806,0
DA:814,0
DA:815,0
DA:817,0
DA:818,0
DA:820,0
DA:834,0
DA:835,0
DA:837,0
DA:852,0
DA:853,0
DA:867,0
DA:873,0
DA:878,0
DA:882,0
DA:886,0
DA:891,0
DA:892,0
DA:893,0
DA:895,0
DA:900,0
DA:901,0
DA:902,0
DA:912,0
DA:913,0
DA:915,0
DA:918,0
DA:923,0
DA:924,0
DA:927,0
DA:928,0
DA:930,0
DA:933,0
DA:938,0
DA:939,0
DA:941,0
DA:943,0
DA:952,0
DA:955,0
DA:956,0
DA:958,0
DA:961,0
DA:966,0
DA:969,0
DA:975,0
DA:976,0
DA:977,0
DA:978,0
DA:982,0
DA:1000,0
DA:1003,0
DA:1004,0
LF:237
LH:0
BRDA:18,0,0,0
BRDA:18,0,1,0
BRDA:163,1,0,0
BRDA:163,1,1,0
BRDA:165,2,0,0
BRDA:165,2,1,0
BRDA:169,3,0,0
BRDA:169,3,1,0
BRDA:199,4,0,0
BRDA:199,4,1,0
BRDA:201,5,0,0
BRDA:201,5,1,0
BRDA:205,6,0,0
BRDA:205,6,1,0
BRDA:224,7,0,0
BRDA:224,7,1,0
BRDA:238,8,0,0
BRDA:238,8,1,0
BRDA:248,9,0,0
BRDA:248,9,1,0
BRDA:248,9,2,0
BRDA:248,9,3,0
BRDA:255,10,0,0
BRDA:255,10,1,0
BRDA:273,11,0,0
BRDA:273,11,1,0
BRDA:273,11,2,0
BRDA:295,12,0,0
BRDA:295,12,1,0
BRDA:307,13,0,0
BRDA:307,13,1,0
BRDA:307,14,0,0
BRDA:307,14,1,0
BRDA:313,15,0,0
BRDA:313,15,1,0
BRDA:323,16,0,0
BRDA:323,16,1,0
BRDA:329,17,0,0
BRDA:329,17,1,0
BRDA:397,18,0,0
BRDA:397,18,1,0
BRDA:398,19,0,0
BRDA:398,19,1,0
BRDA:402,20,0,0
BRDA:402,20,1,0
BRDA:402,21,0,0
BRDA:402,21,1,0
BRDA:406,22,0,0
BRDA:406,22,1,0
BRDA:407,23,0,0
BRDA:407,23,1,0
BRDA:414,24,0,0
BRDA:414,24,1,0
BRDA:421,25,0,0
BRDA:421,25,1,0
BRDA:448,26,0,0
BRDA:448,26,1,0
BRDA:450,27,0,0
BRDA:450,27,1,0
BRDA:450,28,0,0
BRDA:450,28,1,0
BRDA:459,29,0,0
BRDA:459,29,1,0
BRDA:469,30,0,0
BRDA:469,30,1,0
BRDA:477,31,0,0
BRDA:477,31,1,0
BRDA:483,32,0,0
BRDA:483,32,1,0
BRDA:487,33,0,0
BRDA:487,33,1,0
BRDA:487,34,0,0
BRDA:487,34,1,0
BRDA:488,35,0,0
BRDA:488,35,1,0
BRDA:516,36,0,0
BRDA:516,36,1,0
BRDA:520,37,0,0
BRDA:520,37,1,0
BRDA:531,38,0,0
BRDA:531,38,1,0
BRDA:532,39,0,0
BRDA:532,39,1,0
BRDA:537,40,0,0
BRDA:537,40,1,0
BRDA:541,41,0,0
BRDA:541,41,1,0
BRDA:541,42,0,0
BRDA:541,42,1,0
BRDA:556,43,0,0
BRDA:556,43,1,0
BRDA:561,44,0,0
BRDA:561,44,1,0
BRDA:569,45,0,0
BRDA:569,45,1,0
BRDA:574,46,0,0
BRDA:574,46,1,0
BRDA:691,47,0,0
BRDA:691,47,1,0
BRDA:692,48,0,0
BRDA:692,48,1,0
BRDA:735,49,0,0
BRDA:735,49,1,0
BRDA:737,50,0,0
BRDA:737,50,1,0
BRDA:755,51,0,0
BRDA:755,51,1,0
BRDA:769,52,0,0
BRDA:769,52,1,0
BRDA:769,53,0,0
BRDA:769,53,1,0
BRDA:772,54,0,0
BRDA:772,54,1,0
BRDA:777,55,0,0
BRDA:777,55,1,0
BRDA:777,56,0,0
BRDA:777,56,1,0
BRDA:781,57,0,0
BRDA:781,57,1,0
BRDA:781,58,0,0
BRDA:781,58,1,0
BRDA:782,59,0,0
BRDA:782,59,1,0
BRDA:786,60,0,0
BRDA:786,60,1,0
BRDA:786,60,2,0
BRDA:800,61,0,0
BRDA:800,61,1,0
BRDA:817,62,0,0
BRDA:817,62,1,0
BRDA:820,63,0,0
BRDA:820,63,1,0
BRDA:825,64,0,0
BRDA:825,64,1,0
BRDA:834,65,0,0
BRDA:834,65,1,0
BRDA:837,66,0,0
BRDA:837,66,1,0
BRDA:842,67,0,0
BRDA:842,67,1,0
BRDA:852,68,0,0
BRDA:852,68,1,0
BRDA:864,69,0,0
BRDA:864,69,1,0
BRDA:892,70,0,0
BRDA:892,70,1,0
BRDA:902,71,0,0
BRDA:902,71,1,0
BRDA:941,72,0,0
BRDA:941,72,1,0
BRDA:975,73,0,0
BRDA:975,73,1,0
BRDA:993,74,0,0
BRDA:993,74,1,0
BRDA:994,75,0,0
BRDA:994,75,1,0
BRDA:995,76,0,0
BRDA:995,76,1,0
BRDA:1003,77,0,0
BRDA:1003,77,1,0
BRF:160
BRH:0
end_of_record
TN:
SF:src/types/stats.ts
FNF:0
FNH:0
LF:0
LH:0
BRF:0
BRH:0
end_of_record
TN:
SF:src/utils/logger.ts
FN:16,(anonymous_0)
FN:21,(anonymous_1)
FN:26,(anonymous_2)
FN:38,(anonymous_3)
FN:44,(anonymous_4)
FN:50,(anonymous_5)
FN:56,(anonymous_6)
FN:62,(anonymous_7)
FN:77,(anonymous_8)
FN:83,(anonymous_9)
FN:94,(anonymous_10)
FN:111,(anonymous_11)
FN:117,(anonymous_12)
FN:123,(anonymous_13)
FN:133,(anonymous_14)
FN:149,(anonymous_15)
FN:164,getDiff
FN:169,(anonymous_17)
FNF:18
FNH:0
FNDA:0,(anonymous_0)
FNDA:0,(anonymous_1)
FNDA:0,(anonymous_2)
FNDA:0,(anonymous_3)
FNDA:0,(anonymous_4)
FNDA:0,(anonymous_5)
FNDA:0,(anonymous_6)
FNDA:0,(anonymous_7)
FNDA:0,(anonymous_8)
FNDA:0,(anonymous_9)
FNDA:0,(anonymous_10)
FNDA:0,(anonymous_11)
FNDA:0,(anonymous_12)
FNDA:0,(anonymous_13)
FNDA:0,(anonymous_14)
FNDA:0,(anonymous_15)
FNDA:0,getDiff
FNDA:0,(anonymous_17)
DA:5,0
DA:8,0
DA:9,0
DA:10,0
DA:12,0
DA:16,0
DA:19,0
DA:21,0
DA:22,0
DA:26,0
DA:27,0
DA:33,0
DA:37,0
DA:39,0
DA:40,0
DA:41,0
DA:45,0
DA:46,0
DA:47,0
DA:51,0
DA:52,0
DA:53,0
DA:57,0
DA:58,0
DA:59,0
DA:63,0
DA:71,0
DA:72,0
DA:78,0
DA:79,0
DA:80,0
DA:84,0
DA:90,0
DA:91,0
DA:95,0
DA:104,0
DA:105,0
DA:112,0
DA:113,0
DA:114,0
DA:118,0
DA:119,0
DA:120,0
DA:124,0
DA:129,0
DA:130,0
DA:134,0
DA:142,0
DA:143,0
DA:150,0
DA:157,0
DA:158,0
DA:165,0
DA:167,0
DA:169,0
DA:170,0
DA:171,0
DA:178,0
LF:58
LH:0
BRDA:8,0,0,0
BRDA:8,0,1,0
BRDA:64,1,0,0
BRDA:64,1,1,0
BRDA:98,2,0,0
BRDA:98,2,1,0
BRDA:170,3,0,0
BRDA:170,3,1,0
BRF:8
BRH:0
end_of_record
TN:
SF:src/utils/nodeApi.ts
FN:2,fetchNodeTypes
FNF:1
FNH:0
FNDA:0,fetchNodeTypes
DA:3,0
DA:4,0
DA:5,0
DA:6,0
DA:8,0
DA:9,0
LF:6
LH:0
BRDA:5,0,0,0
BRDA:5,0,1,0
BRF:2
BRH:0
end_of_record
